[T 15:05:45 7688] Reading configuration file C:\Users\MQ10001357\OneDrive - Macquarie University\Teaching\Comp3310\workshop06_db\working\tracing\compiler-tracing5146110016303362203.spec...
[T 15:05:45 7688] Initialising tags...
[T 15:05:45 7688] Reading configuration file C:\Users\MQ10001357\OneDrive - Macquarie University\Teaching\Comp3310\workshop06_db\working\tracing\compiler-tracing5146110016303362203.spec...
[T 15:05:45 7688] Initialising tags...
[T 15:05:45 7688] Allocated ID D5EEE4F300001E08_0000000000000001 (parent )
[T 15:05:46 7688] Re-initializing the tracer
[T 15:05:46 7688] Reading configuration file C:\Users\MQ10001357\OneDrive - Macquarie University\Teaching\Comp3310\workshop06_db\working\tracing\compiler-tracing5146110016303362203.spec...
[T 15:05:46 7688] Initialising tags...
[T 15:05:46 7688] ==== Candidate to intercept: C:\Users\MQ10001357\codeqlwin64\codeql\tools\win64\runner.exe (24044) ====
[T 15:05:46 24044] Reading configuration file C:\Users\MQ10001357\OneDrive - Macquarie University\Teaching\Comp3310\workshop06_db\working\tracing\compiler-tracing5146110016303362203.spec...
[T 15:05:46 24044] Initialising tags...
[T 15:05:46 24044] ID set to D5EEE4F300001E08_0000000000000001 (parent root)
[T 15:05:46 24044] Allocated ID AEDBDA8E00005DEC_0000000000000001 (parent D5EEE4F300001E08_0000000000000001)
[T 15:05:46 24044] Re-initializing the tracer
[T 15:05:46 24044] Reading configuration file C:\Users\MQ10001357\OneDrive - Macquarie University\Teaching\Comp3310\workshop06_db\working\tracing\compiler-tracing5146110016303362203.spec...
[T 15:05:46 24044] Initialising tags...
[T 15:05:46 24044] ID set to D5EEE4F300001E08_0000000000000001 (parent root)
[T 15:05:46 24044] ==== Candidate to intercept: C:\Windows\System32\cmd.exe (10820) ====
[T 15:05:46 10820] Reading configuration file C:\Users\MQ10001357\OneDrive - Macquarie University\Teaching\Comp3310\workshop06_db\working\tracing\compiler-tracing5146110016303362203.spec...
[T 15:05:46 10820] Initialising tags...
[T 15:05:46 10820] ID set to AEDBDA8E00005DEC_0000000000000001 (parent D5EEE4F300001E08_0000000000000001)
[T 15:05:46 10820] Allocated ID F3E293FB00002A44_0000000000000001 (parent AEDBDA8E00005DEC_0000000000000001)
[T 15:05:46 10820] Re-initializing the tracer
[T 15:05:46 10820] Reading configuration file C:\Users\MQ10001357\OneDrive - Macquarie University\Teaching\Comp3310\workshop06_db\working\tracing\compiler-tracing5146110016303362203.spec...
[T 15:05:46 10820] Initialising tags...
[T 15:05:46 10820] ID set to AEDBDA8E00005DEC_0000000000000001 (parent D5EEE4F300001E08_0000000000000001)
[T 15:05:46 10820] ==== Candidate to intercept: C:\Users\MQ10001357\codeqlwin64\codeql\tools\win64\java\bin\java.exe (10672) ====
[T 15:05:46 10672] Reading configuration file C:\Users\MQ10001357\OneDrive - Macquarie University\Teaching\Comp3310\workshop06_db\working\tracing\compiler-tracing5146110016303362203.spec...
[T 15:05:46 10672] Initialising tags...
[T 15:05:46 10672] ID set to F3E293FB00002A44_0000000000000001 (parent AEDBDA8E00005DEC_0000000000000001)
[T 15:05:46 10672] Loading extra JVM options from SEMMLE_JAVA_TOOL_OPTIONS instead of in-process variable.
[T 15:05:46 10672] Passing through -javaagent:C:\Users\MQ10001357\codeqlwin64\codeql\java\tools/codeql-java-agent.jar=ignore-project,java to underlying JVM.
[T 15:05:46 10672] Passing through -Xbootclasspath/a:C:\Users\MQ10001357\codeqlwin64\codeql\java\tools/codeql-java-agent.jar to underlying JVM.
[T 15:05:46 10672] Intercepted JVM creation with extra hidden args: ['-javaagent:C:\Users\MQ10001357\codeqlwin64\codeql\java\tools/codeql-java-agent.jar=ignore-project,java' '-Xbootclasspath/a:C:\Users\MQ10001357\codeqlwin64\codeql\java\tools/codeql-java-agent.jar'] (result: 1, 0).
[T 15:05:47 10672] Allocated ID 32394120000029B0_0000000000000001 (parent F3E293FB00002A44_0000000000000001)
[T 15:05:47 10672] Re-initializing the tracer
[T 15:05:47 10672] Reading configuration file C:\Users\MQ10001357\OneDrive - Macquarie University\Teaching\Comp3310\workshop06_db\working\tracing\compiler-tracing5146110016303362203.spec...
[T 15:05:47 10672] Initialising tags...
[T 15:05:47 10672] ID set to F3E293FB00002A44_0000000000000001 (parent AEDBDA8E00005DEC_0000000000000001)
[T 15:05:47 10672] ==== Candidate to intercept: C:\Users\MQ10001357\codeqlwin64\codeql\tools\win64\runner.exe (23760) ====
[T 15:05:47 23760] Reading configuration file C:\Users\MQ10001357\OneDrive - Macquarie University\Teaching\Comp3310\workshop06_db\working\tracing\compiler-tracing5146110016303362203.spec...
[T 15:05:47 23760] Initialising tags...
[T 15:05:47 23760] ID set to 32394120000029B0_0000000000000001 (parent F3E293FB00002A44_0000000000000001)
[T 15:05:47 23760] Allocated ID CEE656E700005CD0_0000000000000001 (parent 32394120000029B0_0000000000000001)
[T 15:05:47 23760] Re-initializing the tracer
[T 15:05:47 23760] Reading configuration file C:\Users\MQ10001357\OneDrive - Macquarie University\Teaching\Comp3310\workshop06_db\working\tracing\compiler-tracing5146110016303362203.spec...
[T 15:05:47 23760] Initialising tags...
[T 15:05:47 23760] ID set to 32394120000029B0_0000000000000001 (parent F3E293FB00002A44_0000000000000001)
[T 15:05:47 23760] ==== Candidate to intercept: C:\Windows\System32\cmd.exe (10276) ====
[T 15:05:47 10276] Reading configuration file C:\Users\MQ10001357\OneDrive - Macquarie University\Teaching\Comp3310\workshop06_db\working\tracing\compiler-tracing5146110016303362203.spec...
[T 15:05:47 10276] Initialising tags...
[T 15:05:47 10276] ID set to CEE656E700005CD0_0000000000000001 (parent 32394120000029B0_0000000000000001)
[T 15:05:47 10276] Allocated ID 57EF7EBD00002824_0000000000000001 (parent CEE656E700005CD0_0000000000000001)
[T 15:05:47 10276] Re-initializing the tracer
[T 15:05:47 10276] Reading configuration file C:\Users\MQ10001357\OneDrive - Macquarie University\Teaching\Comp3310\workshop06_db\working\tracing\compiler-tracing5146110016303362203.spec...
[T 15:05:47 10276] Initialising tags...
[T 15:05:47 10276] ID set to CEE656E700005CD0_0000000000000001 (parent 32394120000029B0_0000000000000001)
[T 15:05:47 10276] ==== Candidate to intercept: C:\MQU\SCI\jdk-12.0.1\bin\java.exe (10948) ====
[T 15:05:47 10948] Reading configuration file C:\Users\MQ10001357\OneDrive - Macquarie University\Teaching\Comp3310\workshop06_db\working\tracing\compiler-tracing5146110016303362203.spec...
[T 15:05:47 10948] Initialising tags...
[T 15:05:47 10948] ID set to 57EF7EBD00002824_0000000000000001 (parent CEE656E700005CD0_0000000000000001)
[T 15:05:47 10948] Loading extra JVM options from SEMMLE_JAVA_TOOL_OPTIONS instead of in-process variable.
[T 15:05:47 10948] Passing through -javaagent:C:\Users\MQ10001357\codeqlwin64\codeql\java\tools/codeql-java-agent.jar=ignore-project,java to underlying JVM.
[T 15:05:47 10948] Passing through -Xbootclasspath/a:C:\Users\MQ10001357\codeqlwin64\codeql\java\tools/codeql-java-agent.jar to underlying JVM.
[T 15:05:47 10948] Intercepted JVM creation with extra hidden args: ['-javaagent:C:\Users\MQ10001357\codeqlwin64\codeql\java\tools/codeql-java-agent.jar=ignore-project,java' '-Xbootclasspath/a:C:\Users\MQ10001357\codeqlwin64\codeql\java\tools/codeql-java-agent.jar'] (result: 1, 0).
[T 15:05:49 10948] Allocated ID 65B805BA00002AC4_0000000000000001 (parent 57EF7EBD00002824_0000000000000001)
[T 15:05:49 10948] Re-initializing the tracer
[T 15:05:49 10948] Reading configuration file C:\Users\MQ10001357\OneDrive - Macquarie University\Teaching\Comp3310\workshop06_db\working\tracing\compiler-tracing5146110016303362203.spec...
[T 15:05:49 10948] Initialising tags...
[T 15:05:49 10948] ID set to 57EF7EBD00002824_0000000000000001 (parent CEE656E700005CD0_0000000000000001)
[T 15:05:49 10948] ==== Candidate to intercept: C:\MQU\SCI\jdk-12.0.1\bin\java.exe (17488) ====
[T 15:05:49 17488] Reading configuration file C:\Users\MQ10001357\OneDrive - Macquarie University\Teaching\Comp3310\workshop06_db\working\tracing\compiler-tracing5146110016303362203.spec...
[T 15:05:49 17488] Initialising tags...
[T 15:05:49 17488] ID set to 65B805BA00002AC4_0000000000000001 (parent 57EF7EBD00002824_0000000000000001)
[T 15:05:49 17488] Loading extra JVM options from SEMMLE_JAVA_TOOL_OPTIONS instead of in-process variable.
[T 15:05:49 17488] Passing through -javaagent:C:\Users\MQ10001357\codeqlwin64\codeql\java\tools/codeql-java-agent.jar=ignore-project,java to underlying JVM.
[T 15:05:49 17488] Passing through -Xbootclasspath/a:C:\Users\MQ10001357\codeqlwin64\codeql\java\tools/codeql-java-agent.jar to underlying JVM.
[T 15:05:49 17488] Intercepted JVM creation with extra hidden args: ['-javaagent:C:\Users\MQ10001357\codeqlwin64\codeql\java\tools/codeql-java-agent.jar=ignore-project,java' '-Xbootclasspath/a:C:\Users\MQ10001357\codeqlwin64\codeql\java\tools/codeql-java-agent.jar'] (result: 1, 0).
[T 15:05:56 10672] Allocated ID 6EC16BCD000029B0_0000000000000001 (parent F3E293FB00002A44_0000000000000001)
[T 15:05:56 10672] Re-initializing the tracer
[T 15:05:56 10672] Reading configuration file C:\Users\MQ10001357\OneDrive - Macquarie University\Teaching\Comp3310\workshop06_db\working\tracing\compiler-tracing5146110016303362203.spec...
[T 15:05:56 10672] Initialising tags...
[T 15:05:56 10672] ID set to F3E293FB00002A44_0000000000000001 (parent AEDBDA8E00005DEC_0000000000000001)
[T 15:05:56 10672] ==== Candidate to intercept: C:\Users\MQ10001357\codeqlwin64\codeql\tools\win64\runner.exe (7408) ====
[T 15:05:57 7408] Reading configuration file C:\Users\MQ10001357\OneDrive - Macquarie University\Teaching\Comp3310\workshop06_db\working\tracing\compiler-tracing5146110016303362203.spec...
[T 15:05:57 7408] Initialising tags...
[T 15:05:57 7408] ID set to 6EC16BCD000029B0_0000000000000001 (parent F3E293FB00002A44_0000000000000001)
[T 15:05:57 7408] Allocated ID 006F5FA000001CF0_0000000000000001 (parent 6EC16BCD000029B0_0000000000000001)
[T 15:05:57 7408] Re-initializing the tracer
[T 15:05:57 7408] Reading configuration file C:\Users\MQ10001357\OneDrive - Macquarie University\Teaching\Comp3310\workshop06_db\working\tracing\compiler-tracing5146110016303362203.spec...
[T 15:05:57 7408] Initialising tags...
[T 15:05:57 7408] ID set to 6EC16BCD000029B0_0000000000000001 (parent F3E293FB00002A44_0000000000000001)
[T 15:05:57 7408] ==== Candidate to intercept: C:\Windows\System32\cmd.exe (15172) ====
[T 15:05:57 15172] Reading configuration file C:\Users\MQ10001357\OneDrive - Macquarie University\Teaching\Comp3310\workshop06_db\working\tracing\compiler-tracing5146110016303362203.spec...
[T 15:05:57 15172] Initialising tags...
[T 15:05:57 15172] ID set to 006F5FA000001CF0_0000000000000001 (parent 6EC16BCD000029B0_0000000000000001)
[T 15:05:57 15172] Allocated ID 3CA4EB2900003B44_0000000000000001 (parent 006F5FA000001CF0_0000000000000001)
[T 15:05:57 15172] Re-initializing the tracer
[T 15:05:57 15172] Reading configuration file C:\Users\MQ10001357\OneDrive - Macquarie University\Teaching\Comp3310\workshop06_db\working\tracing\compiler-tracing5146110016303362203.spec...
[T 15:05:57 15172] Initialising tags...
[T 15:05:57 15172] ID set to 006F5FA000001CF0_0000000000000001 (parent 6EC16BCD000029B0_0000000000000001)
[T 15:05:57 15172] ==== Candidate to intercept: C:\MQU\SCI\jdk-12.0.1\bin\java.exe (23708) ====
[T 15:05:57 23708] Reading configuration file C:\Users\MQ10001357\OneDrive - Macquarie University\Teaching\Comp3310\workshop06_db\working\tracing\compiler-tracing5146110016303362203.spec...
[T 15:05:57 23708] Initialising tags...
[T 15:05:57 23708] ID set to 3CA4EB2900003B44_0000000000000001 (parent 006F5FA000001CF0_0000000000000001)
[T 15:05:57 23708] Loading extra JVM options from SEMMLE_JAVA_TOOL_OPTIONS instead of in-process variable.
[T 15:05:57 23708] Passing through -javaagent:C:\Users\MQ10001357\codeqlwin64\codeql\java\tools/codeql-java-agent.jar=ignore-project,java to underlying JVM.
[T 15:05:57 23708] Passing through -Xbootclasspath/a:C:\Users\MQ10001357\codeqlwin64\codeql\java\tools/codeql-java-agent.jar to underlying JVM.
[T 15:05:57 23708] Intercepted JVM creation with extra hidden args: ['-javaagent:C:\Users\MQ10001357\codeqlwin64\codeql\java\tools/codeql-java-agent.jar=ignore-project,java' '-Xbootclasspath/a:C:\Users\MQ10001357\codeqlwin64\codeql\java\tools/codeql-java-agent.jar'] (result: 1, 0).
[T 15:05:58 23708] Allocated ID 46D7FFAD00005C9C_0000000000000001 (parent 3CA4EB2900003B44_0000000000000001)
[T 15:05:58 23708] Re-initializing the tracer
[T 15:05:58 23708] Reading configuration file C:\Users\MQ10001357\OneDrive - Macquarie University\Teaching\Comp3310\workshop06_db\working\tracing\compiler-tracing5146110016303362203.spec...
[T 15:05:58 23708] Initialising tags...
[T 15:05:58 23708] ID set to 3CA4EB2900003B44_0000000000000001 (parent 006F5FA000001CF0_0000000000000001)
[T 15:05:58 23708] ==== Candidate to intercept: C:\MQU\SCI\jdk-12.0.1\bin\java.exe (24552) ====
[T 15:05:58 24552] Reading configuration file C:\Users\MQ10001357\OneDrive - Macquarie University\Teaching\Comp3310\workshop06_db\working\tracing\compiler-tracing5146110016303362203.spec...
[T 15:05:58 24552] Initialising tags...
[T 15:05:58 24552] ID set to 46D7FFAD00005C9C_0000000000000001 (parent 3CA4EB2900003B44_0000000000000001)
[T 15:05:58 24552] Loading extra JVM options from SEMMLE_JAVA_TOOL_OPTIONS instead of in-process variable.
[T 15:05:58 24552] Passing through -javaagent:C:\Users\MQ10001357\codeqlwin64\codeql\java\tools/codeql-java-agent.jar=ignore-project,java to underlying JVM.
[T 15:05:58 24552] Passing through -Xbootclasspath/a:C:\Users\MQ10001357\codeqlwin64\codeql\java\tools/codeql-java-agent.jar to underlying JVM.
[T 15:05:59 24552] Intercepted JVM creation with extra hidden args: ['-javaagent:C:\Users\MQ10001357\codeqlwin64\codeql\java\tools/codeql-java-agent.jar=ignore-project,java' '-Xbootclasspath/a:C:\Users\MQ10001357\codeqlwin64\codeql\java\tools/codeql-java-agent.jar'] (result: 1, 0).
[T 15:06:08 24552] Allocated ID 19390F3600005FE8_0000000000000001 (parent 46D7FFAD00005C9C_0000000000000001)
[T 15:06:08 24552] Re-initializing the tracer
[T 15:06:08 24552] Reading configuration file C:\Users\MQ10001357\OneDrive - Macquarie University\Teaching\Comp3310\workshop06_db\working\tracing\compiler-tracing5146110016303362203.spec...
[T 15:06:08 24552] Initialising tags...
[T 15:06:08 24552] ID set to 46D7FFAD00005C9C_0000000000000001 (parent 3CA4EB2900003B44_0000000000000001)
[T 15:06:08 24552] ==== Candidate to intercept: C:\MQU\SCI\jdk-12.0.1\bin\java.exe (21060) ====
[T 15:06:08 21060] Reading configuration file C:\Users\MQ10001357\OneDrive - Macquarie University\Teaching\Comp3310\workshop06_db\working\tracing\compiler-tracing5146110016303362203.spec...
[T 15:06:08 21060] Initialising tags...
[T 15:06:08 21060] ID set to 19390F3600005FE8_0000000000000001 (parent 46D7FFAD00005C9C_0000000000000001)
[T 15:06:08 21060] Loading extra JVM options from SEMMLE_JAVA_TOOL_OPTIONS instead of in-process variable.
[T 15:06:08 21060] Passing through -javaagent:C:\Users\MQ10001357\codeqlwin64\codeql\java\tools/codeql-java-agent.jar=ignore-project,java to underlying JVM.
[T 15:06:08 21060] Passing through -Xbootclasspath/a:C:\Users\MQ10001357\codeqlwin64\codeql\java\tools/codeql-java-agent.jar to underlying JVM.
[T 15:06:08 21060] Intercepted JVM creation with extra hidden args: ['-javaagent:C:\Users\MQ10001357\codeqlwin64\codeql\java\tools/codeql-java-agent.jar=ignore-project,java' '-Xbootclasspath/a:C:\Users\MQ10001357\codeqlwin64\codeql\java\tools/codeql-java-agent.jar'] (result: 1, 0).
[T 15:06:25 24552] Allocated ID 3434BC4300005FE8_0000000000000001 (parent 46D7FFAD00005C9C_0000000000000001)
[T 15:06:25 24552] Re-initializing the tracer
[T 15:06:25 24552] Reading configuration file C:\Users\MQ10001357\OneDrive - Macquarie University\Teaching\Comp3310\workshop06_db\working\tracing\compiler-tracing5146110016303362203.spec...
[T 15:06:25 24552] Initialising tags...
[T 15:06:25 24552] ID set to 46D7FFAD00005C9C_0000000000000001 (parent 3CA4EB2900003B44_0000000000000001)
[T 15:06:25 24552] ==== Candidate to intercept: C:\MQU\SCI\jdk-12.0.1\bin\java.exe (21216) ====
[T 15:06:25 21216] Reading configuration file C:\Users\MQ10001357\OneDrive - Macquarie University\Teaching\Comp3310\workshop06_db\working\tracing\compiler-tracing5146110016303362203.spec...
[T 15:06:25 21216] Initialising tags...
[T 15:06:25 21216] ID set to 3434BC4300005FE8_0000000000000001 (parent 46D7FFAD00005C9C_0000000000000001)
[T 15:06:25 21216] Loading extra JVM options from SEMMLE_JAVA_TOOL_OPTIONS instead of in-process variable.
[T 15:06:25 21216] Passing through -javaagent:C:\Users\MQ10001357\codeqlwin64\codeql\java\tools/codeql-java-agent.jar=ignore-project,java to underlying JVM.
[T 15:06:25 21216] Passing through -Xbootclasspath/a:C:\Users\MQ10001357\codeqlwin64\codeql\java\tools/codeql-java-agent.jar to underlying JVM.
[T 15:06:25 21216] Intercepted JVM creation with extra hidden args: ['-javaagent:C:\Users\MQ10001357\codeqlwin64\codeql\java\tools/codeql-java-agent.jar=ignore-project,java' '-Xbootclasspath/a:C:\Users\MQ10001357\codeqlwin64\codeql\java\tools/codeql-java-agent.jar'] (result: 1, 0).
