[2022-03-23 15:05:43] This is codeql database create ..\workshop06_db/ --language=java
[2022-03-23 15:05:43] Log file was started late.
[2022-03-23 15:05:43] [PROGRESS] database create> Initializing database at C:\Users\MQ10001357\OneDrive - Macquarie University\Teaching\Comp3310\workshop06_db.
[2022-03-23 15:05:43] Running plumbing command: codeql database init --language=java --source-root=C:\Users\MQ10001357\OneDrive - Macquarie University\Teaching\Comp3310\workshop06_code --allow-missing-source-root=false --allow-already-existing -- C:\Users\MQ10001357\OneDrive - Macquarie University\Teaching\Comp3310\workshop06_db
[2022-03-23 15:05:43] [PROGRESS] database init> Counting lines of code in C:\Users\MQ10001357\OneDrive - Macquarie University\Teaching\Comp3310\workshop06_code
[2022-03-23 15:05:44] [PROGRESS] database init> Resolving extractor java.
[2022-03-23 15:05:44] Calling plumbing command: codeql resolve languages --format=json
[2022-03-23 15:05:44] [DETAILS] resolve languages> Scanning for [codeql-extractor.yml] from C:\Users\MQ10001357\codeqlwin64\codeql\.codeqlmanifest.json
[2022-03-23 15:05:44] [DETAILS] resolve languages> Parsing C:\Users\MQ10001357\codeqlwin64\codeql\cpp\codeql-extractor.yml.
[2022-03-23 15:05:44] [DETAILS] resolve languages> Parsing C:\Users\MQ10001357\codeqlwin64\codeql\csharp\codeql-extractor.yml.
[2022-03-23 15:05:44] [DETAILS] resolve languages> Parsing C:\Users\MQ10001357\codeqlwin64\codeql\csv\codeql-extractor.yml.
[2022-03-23 15:05:44] [DETAILS] resolve languages> Parsing C:\Users\MQ10001357\codeqlwin64\codeql\go\codeql-extractor.yml.
[2022-03-23 15:05:44] [DETAILS] resolve languages> Parsing C:\Users\MQ10001357\codeqlwin64\codeql\html\codeql-extractor.yml.
[2022-03-23 15:05:44] [DETAILS] resolve languages> Parsing C:\Users\MQ10001357\codeqlwin64\codeql\java\codeql-extractor.yml.
[2022-03-23 15:05:44] [DETAILS] resolve languages> Parsing C:\Users\MQ10001357\codeqlwin64\codeql\javascript\codeql-extractor.yml.
[2022-03-23 15:05:44] [DETAILS] resolve languages> Parsing C:\Users\MQ10001357\codeqlwin64\codeql\properties\codeql-extractor.yml.
[2022-03-23 15:05:44] [DETAILS] resolve languages> Parsing C:\Users\MQ10001357\codeqlwin64\codeql\python\codeql-extractor.yml.
[2022-03-23 15:05:44] [DETAILS] resolve languages> Parsing C:\Users\MQ10001357\codeqlwin64\codeql\ruby\codeql-extractor.yml.
[2022-03-23 15:05:44] [DETAILS] resolve languages> Parsing C:\Users\MQ10001357\codeqlwin64\codeql\xml\codeql-extractor.yml.
[2022-03-23 15:05:44] Plumbing command codeql resolve languages completed:
                      {
                        "extractors" : {
                          "cpp" : [
                            {
                              "extractor_root" : "C:\\Users\\MQ10001357\\codeqlwin64\\codeql\\cpp"
                            }
                          ],
                          "csharp" : [
                            {
                              "extractor_root" : "C:\\Users\\MQ10001357\\codeqlwin64\\codeql\\csharp"
                            }
                          ],
                          "csv" : [
                            {
                              "extractor_root" : "C:\\Users\\MQ10001357\\codeqlwin64\\codeql\\csv"
                            }
                          ],
                          "go" : [
                            {
                              "extractor_root" : "C:\\Users\\MQ10001357\\codeqlwin64\\codeql\\go"
                            }
                          ],
                          "html" : [
                            {
                              "extractor_root" : "C:\\Users\\MQ10001357\\codeqlwin64\\codeql\\html"
                            }
                          ],
                          "java" : [
                            {
                              "extractor_root" : "C:\\Users\\MQ10001357\\codeqlwin64\\codeql\\java",
                              "extractor_options" : {
                                "exclude" : {
                                  "title" : "A glob excluding files from analysis.",
                                  "description" : "A glob indicating what files to exclude from the analysis.\n",
                                  "type" : "string"
                                }
                              }
                            }
                          ],
                          "javascript" : [
                            {
                              "extractor_root" : "C:\\Users\\MQ10001357\\codeqlwin64\\codeql\\javascript"
                            }
                          ],
                          "properties" : [
                            {
                              "extractor_root" : "C:\\Users\\MQ10001357\\codeqlwin64\\codeql\\properties"
                            }
                          ],
                          "python" : [
                            {
                              "extractor_root" : "C:\\Users\\MQ10001357\\codeqlwin64\\codeql\\python"
                            }
                          ],
                          "ruby" : [
                            {
                              "extractor_root" : "C:\\Users\\MQ10001357\\codeqlwin64\\codeql\\ruby"
                            }
                          ],
                          "xml" : [
                            {
                              "extractor_root" : "C:\\Users\\MQ10001357\\codeqlwin64\\codeql\\xml"
                            }
                          ]
                        }
                      }
[2022-03-23 15:05:44] [DETAILS] database init> Found candidate extractor root for java: C:\Users\MQ10001357\codeqlwin64\codeql\java.
[2022-03-23 15:05:44] [PROGRESS] database init> Successfully loaded extractor Java (java) from C:\Users\MQ10001357\codeqlwin64\codeql\java.
[2022-03-23 15:05:45] [PROGRESS] database init> Created skeleton CodeQL database at C:\Users\MQ10001357\OneDrive - Macquarie University\Teaching\Comp3310\workshop06_db. This in-progress database is ready to be populated by an extractor.
[2022-03-23 15:05:45] Plumbing command codeql database init completed.
[2022-03-23 15:05:45] Using autobuild script C:\Users\MQ10001357\codeqlwin64\codeql\java\tools\autobuild.cmd.
[2022-03-23 15:05:45] [DETAILS] database create> Detected autobuild command for Java: C:\Users\MQ10001357\codeqlwin64\codeql\java\tools\autobuild.cmd.
[2022-03-23 15:05:45] [PROGRESS] database create> Running build command: [C:\Users\MQ10001357\codeqlwin64\codeql\java\tools\autobuild.cmd]
[2022-03-23 15:05:45] Running plumbing command: codeql database trace-command --working-dir=C:\Users\MQ10001357\OneDrive - Macquarie University\Teaching\Comp3310\workshop06_code --index-traceless-dbs --no-db-cluster -- C:\Users\MQ10001357\OneDrive - Macquarie University\Teaching\Comp3310\workshop06_db C:\Users\MQ10001357\codeqlwin64\codeql\java\tools\autobuild.cmd
[2022-03-23 15:05:45] Setting up tracing from specification at C:\Users\MQ10001357\codeqlwin64\codeql\java\tools\compiler-tracing.spec.
[2022-03-23 15:05:45] Picked up extra JVM args: '-javaagent:C:\Users\MQ10001357\codeqlwin64\codeql\java\tools/codeql-java-agent.jar=ignore-project,java' '-Xbootclasspath/a:C:\Users\MQ10001357\codeqlwin64\codeql\java\tools/codeql-java-agent.jar'
[2022-03-23 15:05:45] [PROGRESS] database trace-command> Running command in C:\Users\MQ10001357\OneDrive - Macquarie University\Teaching\Comp3310\workshop06_code: [C:\Users\MQ10001357\codeqlwin64\codeql\java\tools\autobuild.cmd]
[2022-03-23 15:05:47] [build-stdout] [2022-03-23 15:05:47] Build directory is C:\Users\MQ10001357\OneDrive - Macquarie University\Teaching\Comp3310\workshop06_code\.
[2022-03-23 15:05:47] [build-stdout] [2022-03-23 15:05:47] [autobuild] > gradlew.bat --no-daemon -S -Dorg.gradle.dependency.verification=off --init-script "C:\\Users\\MQ1000~1\\AppData\\Local\\Temp\\semmleTempDir-9\\init.gradle" clean
[2022-03-23 15:05:48] [build-stdout] [2022-03-23 15:05:48] [autobuild] To honour the JVM settings for this build a single-use Daemon process will be forked. See https://docs.gradle.org/7.3.3/userguide/gradle_daemon.html#sec:disabling_the_daemon.
[2022-03-23 15:05:52] [build-stdout] [2022-03-23 15:05:52] [autobuild] Daemon will be stopped at the end of the build 
[2022-03-23 15:05:56] [build-stdout] [2022-03-23 15:05:56] [autobuild] > Task :app:clean
[2022-03-23 15:05:56] [build-stdout] [2022-03-23 15:05:56] [autobuild] BUILD SUCCESSFUL in 9s
[2022-03-23 15:05:56] [build-stdout] [2022-03-23 15:05:56] [autobuild] 1 actionable task: 1 executed
[2022-03-23 15:05:56] [build-stdout] [2022-03-23 15:05:56] [autobuild] > gradlew.bat --no-daemon -S -Dorg.gradle.dependency.verification=off --init-script "C:\\Users\\MQ1000~1\\AppData\\Local\\Temp\\semmleTempDir-9\\init.gradle" testClasses
[2022-03-23 15:05:58] [build-stdout] [2022-03-23 15:05:58] [autobuild] To honour the JVM settings for this build a single-use Daemon process will be forked. See https://docs.gradle.org/7.3.3/userguide/gradle_daemon.html#sec:disabling_the_daemon.
[2022-03-23 15:06:02] [build-stdout] [2022-03-23 15:06:02] [autobuild] Daemon will be stopped at the end of the build 
[2022-03-23 15:06:24] [build-stdout] [2022-03-23 15:06:24] [autobuild] > Task :app:compileJava
[2022-03-23 15:06:24] [build-stdout] [2022-03-23 15:06:24] [autobuild] > Task :app:processResources NO-SOURCE
[2022-03-23 15:06:24] [build-stdout] [2022-03-23 15:06:24] [autobuild] > Task :app:classes
[2022-03-23 15:06:28] [build-stdout] [2022-03-23 15:06:28] [autobuild] > Task :app:compileTestJava
[2022-03-23 15:06:28] [build-stdout] [2022-03-23 15:06:28] [autobuild] > Task :app:processTestResources NO-SOURCE
[2022-03-23 15:06:28] [build-stdout] [2022-03-23 15:06:28] [autobuild] > Task :app:testClasses
[2022-03-23 15:06:28] [build-stdout] [2022-03-23 15:06:28] [autobuild] BUILD SUCCESSFUL in 31s
[2022-03-23 15:06:28] [build-stdout] [2022-03-23 15:06:28] [autobuild] 2 actionable tasks: 2 executed
[2022-03-23 15:06:28] Plumbing command codeql database trace-command completed.
[2022-03-23 15:06:28] [PROGRESS] database create> Finalizing database at C:\Users\MQ10001357\OneDrive - Macquarie University\Teaching\Comp3310\workshop06_db.
[2022-03-23 15:06:28] Running plumbing command: codeql database finalize --mode=normal --no-db-cluster -- C:\Users\MQ10001357\OneDrive - Macquarie University\Teaching\Comp3310\workshop06_db
[2022-03-23 15:06:28] Using pre-finalize script C:\Users\MQ10001357\codeqlwin64\codeql\java\tools\pre-finalize.cmd.
[2022-03-23 15:06:28] [PROGRESS] database finalize> Running pre-finalize script C:\Users\MQ10001357\codeqlwin64\codeql\java\tools\pre-finalize.cmd in C:\Users\MQ10001357\OneDrive - Macquarie University\Teaching\Comp3310\workshop06_code.
[2022-03-23 15:06:28] Running plumbing command: codeql database trace-command --working-dir=C:\Users\MQ10001357\OneDrive - Macquarie University\Teaching\Comp3310\workshop06_code --no-tracing -- C:\Users\MQ10001357\OneDrive - Macquarie University\Teaching\Comp3310\workshop06_db C:\Users\MQ10001357\codeqlwin64\codeql\java\tools\pre-finalize.cmd
[2022-03-23 15:06:28] [PROGRESS] database trace-command> Running command in C:\Users\MQ10001357\OneDrive - Macquarie University\Teaching\Comp3310\workshop06_code: [C:\Users\MQ10001357\codeqlwin64\codeql\java\tools\pre-finalize.cmd]
[2022-03-23 15:06:30] [build-stderr] Scanning for files in C:\Users\MQ10001357\OneDrive - Macquarie University\Teaching\Comp3310\workshop06_code...
[2022-03-23 15:06:30] Plumbing command codeql database trace-command completed.
[2022-03-23 15:06:30] [PROGRESS] database finalize> Running TRAP import for CodeQL database at C:\Users\MQ10001357\OneDrive - Macquarie University\Teaching\Comp3310\workshop06_db...
[2022-03-23 15:06:30] Running plumbing command: codeql dataset import --dbscheme=C:\Users\MQ10001357\codeqlwin64\codeql\java\semmlecode.dbscheme -- C:\Users\MQ10001357\OneDrive - Macquarie University\Teaching\Comp3310\workshop06_db\db-java C:\Users\MQ10001357\OneDrive - Macquarie University\Teaching\Comp3310\workshop06_db\trap\java
[2022-03-23 15:06:31] Clearing disk cache since the version file C:\Users\MQ10001357\OneDrive - Macquarie University\Teaching\Comp3310\workshop06_db\db-java\default\cache\version does not exist
[2022-03-23 15:06:31] Tuple pool not found. Clearing relations with cached strings
[2022-03-23 15:06:31] Trimming disk cache at C:\Users\MQ10001357\OneDrive - Macquarie University\Teaching\Comp3310\workshop06_db\db-java\default\cache in mode brutal.
[2022-03-23 15:06:31] Sequence stamp origin is -6475743850218476061
[2022-03-23 15:06:31] Pausing evaluation to hard-clear memory at sequence stamp o+0
[2022-03-23 15:06:31] Unpausing evaluation
[2022-03-23 15:06:31] Pausing evaluation to quickly trim disk at sequence stamp o+1
[2022-03-23 15:06:31] Unpausing evaluation
[2022-03-23 15:06:31] Pausing evaluation to zealously trim disk at sequence stamp o+2
[2022-03-23 15:06:31] Unpausing evaluation
[2022-03-23 15:06:31] Trimming completed (13ms): Purged everything.
[2022-03-23 15:06:31] Scanning for files in C:\Users\MQ10001357\OneDrive - Macquarie University\Teaching\Comp3310\workshop06_db\trap\java
[2022-03-23 15:06:31] Importing App.java.trap.gz (1 of 666)
[2022-03-23 15:06:31] Importing SQLiteConnectionManager.java.trap.gz (2 of 666)
[2022-03-23 15:06:31] Importing AppTest.java.trap.gz (3 of 666)
[2022-03-23 15:06:31] Importing BufferedReader.members.trap.gz (4 of 666)
[2022-03-23 15:06:31] Importing Closeable.members.trap.gz (5 of 666)
[2022-03-23 15:06:31] Importing Console.members.trap.gz (6 of 666)
[2022-03-23 15:06:31] Importing DataInput.members.trap.gz (7 of 666)
[2022-03-23 15:06:31] Importing DataOutput.members.trap.gz (8 of 666)
[2022-03-23 15:06:31] Importing File.members.trap.gz (9 of 666)
[2022-03-23 15:06:31] Importing FileDescriptor.members.trap.gz (10 of 666)
[2022-03-23 15:06:31] Importing FileFilter.members.trap.gz (11 of 666)
[2022-03-23 15:06:31] Importing FileNotFoundException.members.trap.gz (12 of 666)
[2022-03-23 15:06:31] Importing FileReader.members.trap.gz (13 of 666)
[2022-03-23 15:06:31] Importing FilenameFilter.members.trap.gz (14 of 666)
[2022-03-23 15:06:31] Importing FilterOutputStream.members.trap.gz (15 of 666)
[2022-03-23 15:06:31] Importing Flushable.members.trap.gz (16 of 666)
[2022-03-23 15:06:31] Importing IOException.members.trap.gz (17 of 666)
[2022-03-23 15:06:31] Importing InputStream.members.trap.gz (18 of 666)
[2022-03-23 15:06:31] Importing InputStreamReader.members.trap.gz (19 of 666)
[2022-03-23 15:06:31] Importing InvalidClassException.members.trap.gz (20 of 666)
[2022-03-23 15:06:31] Importing InvalidObjectException.members.trap.gz (21 of 666)
[2022-03-23 15:06:31] Importing NotActiveException.members.trap.gz (22 of 666)
[2022-03-23 15:06:31] Importing ObjectInput.members.trap.gz (23 of 666)
[2022-03-23 15:06:31] Importing ObjectInputFilter$FilterInfo.members.trap.gz (24 of 666)
[2022-03-23 15:06:31] Importing ObjectInputFilter$Status.members.trap.gz (25 of 666)
[2022-03-23 15:06:31] Importing ObjectInputFilter.members.trap.gz (26 of 666)
[2022-03-23 15:06:31] Importing ObjectInputStream$GetField.members.trap.gz (27 of 666)
[2022-03-23 15:06:31] Importing ObjectInputStream.members.trap.gz (28 of 666)
[2022-03-23 15:06:31] Importing ObjectInputValidation.members.trap.gz (29 of 666)
[2022-03-23 15:06:31] Importing ObjectOutput.members.trap.gz (30 of 666)
[2022-03-23 15:06:31] Importing ObjectOutputStream$PutField.members.trap.gz (31 of 666)
[2022-03-23 15:06:31] Importing ObjectOutputStream.members.trap.gz (32 of 666)
[2022-03-23 15:06:31] Importing ObjectStreamClass$ClassDataSlot.members.trap.gz (33 of 666)
[2022-03-23 15:06:31] Importing ObjectStreamClass.members.trap.gz (34 of 666)
[2022-03-23 15:06:32] Importing ObjectStreamConstants.members.trap.gz (35 of 666)
[2022-03-23 15:06:32] Importing ObjectStreamException.members.trap.gz (36 of 666)
[2022-03-23 15:06:32] Importing ObjectStreamField.members.trap.gz (37 of 666)
[2022-03-23 15:06:32] Importing OptionalDataException.members.trap.gz (38 of 666)
[2022-03-23 15:06:32] Importing OutputStream.members.trap.gz (39 of 666)
[2022-03-23 15:06:32] Importing PrintStream.members.trap.gz (40 of 666)
[2022-03-23 15:06:32] Importing PrintWriter.members.trap.gz (41 of 666)
[2022-03-23 15:06:32] Importing Reader.members.trap.gz (42 of 666)
[2022-03-23 15:06:32] Importing Serializable.members.trap.gz (43 of 666)
[2022-03-23 15:06:32] Importing SerializablePermission.members.trap.gz (44 of 666)
[2022-03-23 15:06:32] Importing StreamCorruptedException.members.trap.gz (45 of 666)
[2022-03-23 15:06:32] Importing SyncFailedException.members.trap.gz (46 of 666)
[2022-03-23 15:06:32] Importing UnsupportedEncodingException.members.trap.gz (47 of 666)
[2022-03-23 15:06:32] Importing Writer.members.trap.gz (48 of 666)
[2022-03-23 15:06:32] Importing AbstractStringBuilder.members.trap.gz (49 of 666)
[2022-03-23 15:06:32] Importing Appendable.members.trap.gz (50 of 666)
[2022-03-23 15:06:32] Importing ArrayIndexOutOfBoundsException.members.trap.gz (51 of 666)
[2022-03-23 15:06:32] Importing AssertionError.members.trap.gz (52 of 666)
[2022-03-23 15:06:32] Importing AutoCloseable.members.trap.gz (53 of 666)
[2022-03-23 15:06:32] Importing Boolean.members.trap.gz (54 of 666)
[2022-03-23 15:06:32] Importing Byte.members.trap.gz (55 of 666)
[2022-03-23 15:06:32] Importing CharSequence.members.trap.gz (56 of 666)
[2022-03-23 15:06:32] Importing Character.members.trap.gz (57 of 666)
[2022-03-23 15:06:32] Importing Class.members.trap.gz (58 of 666)
[2022-03-23 15:06:32] Importing ClassFormatError.members.trap.gz (59 of 666)
[2022-03-23 15:06:32] Importing ClassLoader.members.trap.gz (60 of 666)
[2022-03-23 15:06:32] Importing ClassNotFoundException.members.trap.gz (61 of 666)
[2022-03-23 15:06:32] Importing ClassValue$ClassValueMap.members.trap.gz (62 of 666)
[2022-03-23 15:06:32] Importing ClassValue$Entry.members.trap.gz (63 of 666)
[2022-03-23 15:06:32] Importing ClassValue$Identity.members.trap.gz (64 of 666)
[2022-03-23 15:06:32] Importing ClassValue$Version.members.trap.gz (65 of 666)
[2022-03-23 15:06:32] Importing ClassValue.members.trap.gz (66 of 666)
[2022-03-23 15:06:32] Importing CloneNotSupportedException.members.trap.gz (67 of 666)
[2022-03-23 15:06:32] Importing Cloneable.members.trap.gz (68 of 666)
[2022-03-23 15:06:32] Importing Comparable.members.trap.gz (69 of 666)
[2022-03-23 15:06:32] Importing Deprecated.members.trap.gz (70 of 666)
[2022-03-23 15:06:32] Importing Double.members.trap.gz (71 of 666)
[2022-03-23 15:06:32] Importing Enum$EnumDesc.members.trap.gz (72 of 666)
[2022-03-23 15:06:32] Importing Enum.members.trap.gz (73 of 666)
[2022-03-23 15:06:32] Importing Error.members.trap.gz (74 of 666)
[2022-03-23 15:06:32] Importing Exception.members.trap.gz (75 of 666)
[2022-03-23 15:06:32] Importing Float.members.trap.gz (76 of 666)
[2022-03-23 15:06:32] Importing FunctionalInterface.members.trap.gz (77 of 666)
[2022-03-23 15:06:32] Importing IllegalAccessException.members.trap.gz (78 of 666)
[2022-03-23 15:06:32] Importing IllegalArgumentException.members.trap.gz (79 of 666)
[2022-03-23 15:06:32] Importing IllegalStateException.members.trap.gz (80 of 666)
[2022-03-23 15:06:32] Importing IndexOutOfBoundsException.members.trap.gz (81 of 666)
[2022-03-23 15:06:32] Importing InstantiationException.members.trap.gz (82 of 666)
[2022-03-23 15:06:32] Importing Integer.members.trap.gz (83 of 666)
[2022-03-23 15:06:32] Importing InternalError.members.trap.gz (84 of 666)
[2022-03-23 15:06:32] Importing InterruptedException.members.trap.gz (85 of 666)
[2022-03-23 15:06:32] Importing Iterable.members.trap.gz (86 of 666)
[2022-03-23 15:06:32] Importing LinkageError.members.trap.gz (87 of 666)
[2022-03-23 15:06:32] Importing Long.members.trap.gz (88 of 666)
[2022-03-23 15:06:32] Importing Module.members.trap.gz (89 of 666)
[2022-03-23 15:06:32] Importing ModuleLayer$Controller.members.trap.gz (90 of 666)
[2022-03-23 15:06:32] Importing ModuleLayer.members.trap.gz (91 of 666)
[2022-03-23 15:06:32] Importing NamedPackage.members.trap.gz (92 of 666)
[2022-03-23 15:06:32] Importing NoSuchFieldException.members.trap.gz (93 of 666)
[2022-03-23 15:06:32] Importing NoSuchMethodException.members.trap.gz (94 of 666)
[2022-03-23 15:06:32] Importing Number.members.trap.gz (95 of 666)
[2022-03-23 15:06:32] Importing NumberFormatException.members.trap.gz (96 of 666)
[2022-03-23 15:06:32] Importing Object.members.trap.gz (97 of 666)
[2022-03-23 15:06:32] Importing Package.members.trap.gz (98 of 666)
[2022-03-23 15:06:32] Importing Readable.members.trap.gz (99 of 666)
[2022-03-23 15:06:32] Importing ReflectiveOperationException.members.trap.gz (100 of 666)
[2022-03-23 15:06:32] Importing Runnable.members.trap.gz (101 of 666)
[2022-03-23 15:06:32] Importing RuntimeException.members.trap.gz (102 of 666)
[2022-03-23 15:06:32] Importing SafeVarargs.members.trap.gz (103 of 666)
[2022-03-23 15:06:32] Importing SecurityException.members.trap.gz (104 of 666)
[2022-03-23 15:06:32] Importing SecurityManager.members.trap.gz (105 of 666)
[2022-03-23 15:06:32] Importing Short.members.trap.gz (106 of 666)
[2022-03-23 15:06:32] Importing StackFrameInfo.members.trap.gz (107 of 666)
[2022-03-23 15:06:32] Importing StackTraceElement.members.trap.gz (108 of 666)
[2022-03-23 15:06:32] Importing StackWalker$ExtendedOption.members.trap.gz (109 of 666)
[2022-03-23 15:06:32] Importing StackWalker$Option.members.trap.gz (110 of 666)
[2022-03-23 15:06:32] Importing StackWalker$StackFrame.members.trap.gz (111 of 666)
[2022-03-23 15:06:32] Importing StackWalker.members.trap.gz (112 of 666)
[2022-03-23 15:06:32] Importing String.members.trap.gz (113 of 666)
[2022-03-23 15:06:32] Importing StringBuffer.members.trap.gz (114 of 666)
[2022-03-23 15:06:32] Importing StringBuilder.members.trap.gz (115 of 666)
[2022-03-23 15:06:32] Importing System$Logger$Level.members.trap.gz (116 of 666)
[2022-03-23 15:06:32] Importing System$Logger.members.trap.gz (117 of 666)
[2022-03-23 15:06:32] Importing System.members.trap.gz (118 of 666)
[2022-03-23 15:06:32] Importing Thread$State.members.trap.gz (119 of 666)
[2022-03-23 15:06:32] Importing Thread$UncaughtExceptionHandler.members.trap.gz (120 of 666)
[2022-03-23 15:06:32] Importing Thread.members.trap.gz (121 of 666)
[2022-03-23 15:06:32] Importing ThreadGroup.members.trap.gz (122 of 666)
[2022-03-23 15:06:32] Importing ThreadLocal$ThreadLocalMap.members.trap.gz (123 of 666)
[2022-03-23 15:06:32] Importing ThreadLocal.members.trap.gz (124 of 666)
[2022-03-23 15:06:32] Importing Throwable.members.trap.gz (125 of 666)
[2022-03-23 15:06:32] Importing TypeNotPresentException.members.trap.gz (126 of 666)
[2022-03-23 15:06:32] Importing UnsupportedOperationException.members.trap.gz (127 of 666)
[2022-03-23 15:06:32] Importing VirtualMachineError.members.trap.gz (128 of 666)
[2022-03-23 15:06:32] Importing Void.members.trap.gz (129 of 666)
[2022-03-23 15:06:32] Importing Annotation.members.trap.gz (130 of 666)
[2022-03-23 15:06:32] Importing Documented.members.trap.gz (131 of 666)
[2022-03-23 15:06:32] Importing ElementType.members.trap.gz (132 of 666)
[2022-03-23 15:06:32] Importing Inherited.members.trap.gz (133 of 666)
[2022-03-23 15:06:32] Importing Retention.members.trap.gz (134 of 666)
[2022-03-23 15:06:32] Importing RetentionPolicy.members.trap.gz (135 of 666)
[2022-03-23 15:06:32] Importing Target.members.trap.gz (136 of 666)
[2022-03-23 15:06:32] Importing ClassDesc.members.trap.gz (137 of 666)
[2022-03-23 15:06:32] Importing Constable.members.trap.gz (138 of 666)
[2022-03-23 15:06:32] Importing ConstantDesc.members.trap.gz (139 of 666)
[2022-03-23 15:06:32] Importing DirectMethodHandleDesc$Kind.members.trap.gz (140 of 666)
[2022-03-23 15:06:32] Importing DirectMethodHandleDesc.members.trap.gz (141 of 666)
[2022-03-23 15:06:32] Importing DynamicConstantDesc.members.trap.gz (142 of 666)
[2022-03-23 15:06:32] Importing MethodHandleDesc.members.trap.gz (143 of 666)
[2022-03-23 15:06:32] Importing MethodTypeDesc.members.trap.gz (144 of 666)
[2022-03-23 15:06:32] Importing BoundMethodHandle$Specializer$Factory.members.trap.gz (145 of 666)
[2022-03-23 15:06:32] Importing BoundMethodHandle$Specializer.members.trap.gz (146 of 666)
[2022-03-23 15:06:32] Importing BoundMethodHandle$SpeciesData.members.trap.gz (147 of 666)
[2022-03-23 15:06:32] Importing BoundMethodHandle.members.trap.gz (148 of 666)
[2022-03-23 15:06:32] Importing CallSite.members.trap.gz (149 of 666)
[2022-03-23 15:06:32] Importing ClassSpecializer$Factory.members.trap.gz (150 of 666)
[2022-03-23 15:06:32] Importing ClassSpecializer$SpeciesData.members.trap.gz (151 of 666)
[2022-03-23 15:06:32] Importing ClassSpecializer.members.trap.gz (152 of 666)
[2022-03-23 15:06:32] Importing DirectMethodHandle.members.trap.gz (153 of 666)
[2022-03-23 15:06:32] Importing Invokers.members.trap.gz (154 of 666)
[2022-03-23 15:06:32] Importing LambdaForm$BasicType.members.trap.gz (155 of 666)
[2022-03-23 15:06:32] Importing LambdaForm$Hidden.members.trap.gz (156 of 666)
[2022-03-23 15:06:32] Importing LambdaForm$Kind.members.trap.gz (157 of 666)
[2022-03-23 15:06:32] Importing LambdaForm$Name.members.trap.gz (158 of 666)
[2022-03-23 15:06:32] Importing LambdaForm$NamedFunction.members.trap.gz (159 of 666)
[2022-03-23 15:06:32] Importing LambdaForm.members.trap.gz (160 of 666)
[2022-03-23 15:06:32] Importing LambdaFormEditor.members.trap.gz (161 of 666)
[2022-03-23 15:06:32] Importing MemberName$Factory.members.trap.gz (162 of 666)
[2022-03-23 15:06:32] Importing MemberName.members.trap.gz (163 of 666)
[2022-03-23 15:06:32] Importing MethodHandle$PolymorphicSignature.members.trap.gz (164 of 666)
[2022-03-23 15:06:32] Importing MethodHandle.members.trap.gz (165 of 666)
[2022-03-23 15:06:32] Importing MethodHandleImpl$ArrayAccess.members.trap.gz (166 of 666)
[2022-03-23 15:06:32] Importing MethodHandleImpl$Intrinsic.members.trap.gz (167 of 666)
[2022-03-23 15:06:32] Importing MethodHandleImpl$LoopClauses.members.trap.gz (168 of 666)
[2022-03-23 15:06:32] Importing MethodHandleImpl.members.trap.gz (169 of 666)
[2022-03-23 15:06:32] Importing MethodHandleInfo.members.trap.gz (170 of 666)
[2022-03-23 15:06:32] Importing MethodHandles$Lookup.members.trap.gz (171 of 666)
[2022-03-23 15:06:32] Importing MethodHandles.members.trap.gz (172 of 666)
[2022-03-23 15:06:32] Importing MethodType$ConcurrentWeakInternSet.members.trap.gz (173 of 666)
[2022-03-23 15:06:32] Importing MethodType.members.trap.gz (174 of 666)
[2022-03-23 15:06:32] Importing MethodTypeForm.members.trap.gz (175 of 666)
[2022-03-23 15:06:32] Importing TypeDescriptor$OfField.members.trap.gz (176 of 666)
[2022-03-23 15:06:32] Importing TypeDescriptor$OfMethod.members.trap.gz (177 of 666)
[2022-03-23 15:06:32] Importing TypeDescriptor.members.trap.gz (178 of 666)
[2022-03-23 15:06:32] Importing VarForm.members.trap.gz (179 of 666)
[2022-03-23 15:06:32] Importing VarHandle$AccessDescriptor.members.trap.gz (180 of 666)
[2022-03-23 15:06:32] Importing VarHandle$AccessMode.members.trap.gz (181 of 666)
[2022-03-23 15:06:32] Importing VarHandle$AccessType.members.trap.gz (182 of 666)
[2022-03-23 15:06:32] Importing VarHandle$TypesAndInvokers.members.trap.gz (183 of 666)
[2022-03-23 15:06:32] Importing VarHandle$VarHandleDesc.members.trap.gz (184 of 666)
[2022-03-23 15:06:32] Importing VarHandle.members.trap.gz (185 of 666)
[2022-03-23 15:06:32] Importing WrongMethodTypeException.members.trap.gz (186 of 666)
[2022-03-23 15:06:32] Importing Configuration.members.trap.gz (187 of 666)
[2022-03-23 15:06:32] Importing ModuleDescriptor$Builder.members.trap.gz (188 of 666)
[2022-03-23 15:06:32] Importing ModuleDescriptor$Exports$Modifier.members.trap.gz (189 of 666)
[2022-03-23 15:06:32] Importing ModuleDescriptor$Exports.members.trap.gz (190 of 666)
[2022-03-23 15:06:32] Importing ModuleDescriptor$Modifier.members.trap.gz (191 of 666)
[2022-03-23 15:06:32] Importing ModuleDescriptor$Opens$Modifier.members.trap.gz (192 of 666)
[2022-03-23 15:06:32] Importing ModuleDescriptor$Opens.members.trap.gz (193 of 666)
[2022-03-23 15:06:32] Importing ModuleDescriptor$Provides.members.trap.gz (194 of 666)
[2022-03-23 15:06:32] Importing ModuleDescriptor$Requires$Modifier.members.trap.gz (195 of 666)
[2022-03-23 15:06:32] Importing ModuleDescriptor$Requires.members.trap.gz (196 of 666)
[2022-03-23 15:06:32] Importing ModuleDescriptor$Version.members.trap.gz (197 of 666)
[2022-03-23 15:06:32] Importing ModuleDescriptor.members.trap.gz (198 of 666)
[2022-03-23 15:06:32] Importing ModuleFinder.members.trap.gz (199 of 666)
[2022-03-23 15:06:32] Importing ModuleReader.members.trap.gz (200 of 666)
[2022-03-23 15:06:32] Importing ModuleReference.members.trap.gz (201 of 666)
[2022-03-23 15:06:32] Importing ResolvedModule.members.trap.gz (202 of 666)
[2022-03-23 15:06:32] Importing Cleaner$Cleanable.members.trap.gz (203 of 666)
[2022-03-23 15:06:32] Importing Cleaner.members.trap.gz (204 of 666)
[2022-03-23 15:06:32] Importing PhantomReference.members.trap.gz (205 of 666)
[2022-03-23 15:06:32] Importing Reference.members.trap.gz (206 of 666)
[2022-03-23 15:06:32] Importing ReferenceQueue.members.trap.gz (207 of 666)
[2022-03-23 15:06:32] Importing SoftReference.members.trap.gz (208 of 666)
[2022-03-23 15:06:32] Importing WeakReference.members.trap.gz (209 of 666)
[2022-03-23 15:06:32] Importing AccessibleObject.members.trap.gz (210 of 666)
[2022-03-23 15:06:32] Importing AnnotatedElement.members.trap.gz (211 of 666)
[2022-03-23 15:06:32] Importing AnnotatedType.members.trap.gz (212 of 666)
[2022-03-23 15:06:32] Importing Constructor.members.trap.gz (213 of 666)
[2022-03-23 15:06:32] Importing Executable.members.trap.gz (214 of 666)
[2022-03-23 15:06:32] Importing Field.members.trap.gz (215 of 666)
[2022-03-23 15:06:32] Importing GenericDeclaration.members.trap.gz (216 of 666)
[2022-03-23 15:06:32] Importing InvocationTargetException.members.trap.gz (217 of 666)
[2022-03-23 15:06:32] Importing Member.members.trap.gz (218 of 666)
[2022-03-23 15:06:32] Importing Method.members.trap.gz (219 of 666)
[2022-03-23 15:06:32] Importing Parameter.members.trap.gz (220 of 666)
[2022-03-23 15:06:32] Importing ParameterizedType.members.trap.gz (221 of 666)
[2022-03-23 15:06:32] Importing Type.members.trap.gz (222 of 666)
[2022-03-23 15:06:32] Importing TypeVariable.members.trap.gz (223 of 666)
[2022-03-23 15:06:32] Importing WildcardType.members.trap.gz (224 of 666)
[2022-03-23 15:06:32] Importing BigDecimal.members.trap.gz (225 of 666)
[2022-03-23 15:06:32] Importing BigInteger.members.trap.gz (226 of 666)
[2022-03-23 15:06:32] Importing MathContext.members.trap.gz (227 of 666)
[2022-03-23 15:06:32] Importing RoundingMode.members.trap.gz (228 of 666)
[2022-03-23 15:06:32] Importing ContentHandler.members.trap.gz (229 of 666)
[2022-03-23 15:06:32] Importing ContentHandlerFactory.members.trap.gz (230 of 666)
[2022-03-23 15:06:32] Importing FileNameMap.members.trap.gz (231 of 666)
[2022-03-23 15:06:32] Importing InetAddress$InetAddressHolder.members.trap.gz (232 of 666)
[2022-03-23 15:06:32] Importing InetAddress.members.trap.gz (233 of 666)
[2022-03-23 15:06:32] Importing InetAddressImpl.members.trap.gz (234 of 666)
[2022-03-23 15:06:32] Importing InterfaceAddress.members.trap.gz (235 of 666)
[2022-03-23 15:06:32] Importing MalformedURLException.members.trap.gz (236 of 666)
[2022-03-23 15:06:32] Importing NetworkInterface.members.trap.gz (237 of 666)
[2022-03-23 15:06:32] Importing Proxy$Type.members.trap.gz (238 of 666)
[2022-03-23 15:06:32] Importing Proxy.members.trap.gz (239 of 666)
[2022-03-23 15:06:32] Importing SocketAddress.members.trap.gz (240 of 666)
[2022-03-23 15:06:32] Importing SocketException.members.trap.gz (241 of 666)
[2022-03-23 15:06:32] Importing URI.members.trap.gz (242 of 666)
[2022-03-23 15:06:32] Importing URISyntaxException.members.trap.gz (243 of 666)
[2022-03-23 15:06:32] Importing URL.members.trap.gz (244 of 666)
[2022-03-23 15:06:32] Importing URLConnection.members.trap.gz (245 of 666)
[2022-03-23 15:06:32] Importing URLStreamHandler.members.trap.gz (246 of 666)
[2022-03-23 15:06:32] Importing URLStreamHandlerFactory.members.trap.gz (247 of 666)
[2022-03-23 15:06:32] Importing UnknownHostException.members.trap.gz (248 of 666)
[2022-03-23 15:06:32] Importing Buffer.members.trap.gz (249 of 666)
[2022-03-23 15:06:32] Importing ByteBuffer.members.trap.gz (250 of 666)
[2022-03-23 15:06:32] Importing ByteOrder.members.trap.gz (251 of 666)
[2022-03-23 15:06:32] Importing CharBuffer.members.trap.gz (252 of 666)
[2022-03-23 15:06:32] Importing DoubleBuffer.members.trap.gz (253 of 666)
[2022-03-23 15:06:32] Importing FloatBuffer.members.trap.gz (254 of 666)
[2022-03-23 15:06:32] Importing IntBuffer.members.trap.gz (255 of 666)
[2022-03-23 15:06:32] Importing LongBuffer.members.trap.gz (256 of 666)
[2022-03-23 15:06:32] Importing MappedByteBuffer.members.trap.gz (257 of 666)
[2022-03-23 15:06:32] Importing ShortBuffer.members.trap.gz (258 of 666)
[2022-03-23 15:06:32] Importing AsynchronousChannel.members.trap.gz (259 of 666)
[2022-03-23 15:06:32] Importing AsynchronousCloseException.members.trap.gz (260 of 666)
[2022-03-23 15:06:32] Importing AsynchronousFileChannel.members.trap.gz (261 of 666)
[2022-03-23 15:06:32] Importing ByteChannel.members.trap.gz (262 of 666)
[2022-03-23 15:06:32] Importing Channel.members.trap.gz (263 of 666)
[2022-03-23 15:06:32] Importing ClosedChannelException.members.trap.gz (264 of 666)
[2022-03-23 15:06:32] Importing CompletionHandler.members.trap.gz (265 of 666)
[2022-03-23 15:06:32] Importing FileChannel$MapMode.members.trap.gz (266 of 666)
[2022-03-23 15:06:32] Importing FileChannel.members.trap.gz (267 of 666)
[2022-03-23 15:06:32] Importing FileLock.members.trap.gz (268 of 666)
[2022-03-23 15:06:32] Importing GatheringByteChannel.members.trap.gz (269 of 666)
[2022-03-23 15:06:32] Importing InterruptibleChannel.members.trap.gz (270 of 666)
[2022-03-23 15:06:32] Importing ReadableByteChannel.members.trap.gz (271 of 666)
[2022-03-23 15:06:32] Importing ScatteringByteChannel.members.trap.gz (272 of 666)
[2022-03-23 15:06:32] Importing SeekableByteChannel.members.trap.gz (273 of 666)
[2022-03-23 15:06:32] Importing WritableByteChannel.members.trap.gz (274 of 666)
[2022-03-23 15:06:32] Importing AbstractInterruptibleChannel.members.trap.gz (275 of 666)
[2022-03-23 15:06:32] Importing CharacterCodingException.members.trap.gz (276 of 666)
[2022-03-23 15:06:32] Importing Charset.members.trap.gz (277 of 666)
[2022-03-23 15:06:32] Importing CharsetDecoder.members.trap.gz (278 of 666)
[2022-03-23 15:06:32] Importing CharsetEncoder.members.trap.gz (279 of 666)
[2022-03-23 15:06:32] Importing CoderResult.members.trap.gz (280 of 666)
[2022-03-23 15:06:32] Importing CodingErrorAction.members.trap.gz (281 of 666)
[2022-03-23 15:06:32] Importing AccessMode.members.trap.gz (282 of 666)
[2022-03-23 15:06:32] Importing CopyOption.members.trap.gz (283 of 666)
[2022-03-23 15:06:32] Importing DirectoryStream$Filter.members.trap.gz (284 of 666)
[2022-03-23 15:06:32] Importing DirectoryStream.members.trap.gz (285 of 666)
[2022-03-23 15:06:32] Importing FileStore.members.trap.gz (286 of 666)
[2022-03-23 15:06:32] Importing FileSystem.members.trap.gz (287 of 666)
[2022-03-23 15:06:32] Importing LinkOption.members.trap.gz (288 of 666)
[2022-03-23 15:06:32] Importing OpenOption.members.trap.gz (289 of 666)
[2022-03-23 15:06:32] Importing Path.members.trap.gz (290 of 666)
[2022-03-23 15:06:32] Importing PathMatcher.members.trap.gz (291 of 666)
[2022-03-23 15:06:32] Importing WatchEvent$Kind.members.trap.gz (292 of 666)
[2022-03-23 15:06:32] Importing WatchEvent$Modifier.members.trap.gz (293 of 666)
[2022-03-23 15:06:32] Importing WatchEvent.members.trap.gz (294 of 666)
[2022-03-23 15:06:32] Importing WatchKey.members.trap.gz (295 of 666)
[2022-03-23 15:06:32] Importing WatchService.members.trap.gz (296 of 666)
[2022-03-23 15:06:32] Importing Watchable.members.trap.gz (297 of 666)
[2022-03-23 15:06:32] Importing AttributeView.members.trap.gz (298 of 666)
[2022-03-23 15:06:32] Importing BasicFileAttributes.members.trap.gz (299 of 666)
[2022-03-23 15:06:32] Importing FileAttribute.members.trap.gz (300 of 666)
[2022-03-23 15:06:32] Importing FileAttributeView.members.trap.gz (301 of 666)
[2022-03-23 15:06:32] Importing FileStoreAttributeView.members.trap.gz (302 of 666)
[2022-03-23 15:06:32] Importing FileTime.members.trap.gz (303 of 666)
[2022-03-23 15:06:32] Importing GroupPrincipal.members.trap.gz (304 of 666)
[2022-03-23 15:06:32] Importing UserPrincipal.members.trap.gz (305 of 666)
[2022-03-23 15:06:32] Importing UserPrincipalLookupService.members.trap.gz (306 of 666)
[2022-03-23 15:06:32] Importing FileSystemProvider.members.trap.gz (307 of 666)
[2022-03-23 15:06:32] Importing AccessControlContext.members.trap.gz (308 of 666)
[2022-03-23 15:06:32] Importing AccessControlException.members.trap.gz (309 of 666)
[2022-03-23 15:06:32] Importing BasicPermission.members.trap.gz (310 of 666)
[2022-03-23 15:06:32] Importing CodeSigner.members.trap.gz (311 of 666)
[2022-03-23 15:06:32] Importing CodeSource.members.trap.gz (312 of 666)
[2022-03-23 15:06:32] Importing DomainCombiner.members.trap.gz (313 of 666)
[2022-03-23 15:06:32] Importing GeneralSecurityException.members.trap.gz (314 of 666)
[2022-03-23 15:06:32] Importing Guard.members.trap.gz (315 of 666)
[2022-03-23 15:06:32] Importing InvalidKeyException.members.trap.gz (316 of 666)
[2022-03-23 15:06:32] Importing Key.members.trap.gz (317 of 666)
[2022-03-23 15:06:32] Importing KeyException.members.trap.gz (318 of 666)
[2022-03-23 15:06:32] Importing NoSuchAlgorithmException.members.trap.gz (319 of 666)
[2022-03-23 15:06:32] Importing NoSuchProviderException.members.trap.gz (320 of 666)
[2022-03-23 15:06:32] Importing Permission.members.trap.gz (321 of 666)
[2022-03-23 15:06:32] Importing PermissionCollection.members.trap.gz (322 of 666)
[2022-03-23 15:06:32] Importing Principal.members.trap.gz (323 of 666)
[2022-03-23 15:06:32] Importing PrivilegedAction.members.trap.gz (324 of 666)
[2022-03-23 15:06:32] Importing PrivilegedActionException.members.trap.gz (325 of 666)
[2022-03-23 15:06:32] Importing PrivilegedExceptionAction.members.trap.gz (326 of 666)
[2022-03-23 15:06:32] Importing ProtectionDomain$Key.members.trap.gz (327 of 666)
[2022-03-23 15:06:32] Importing ProtectionDomain.members.trap.gz (328 of 666)
[2022-03-23 15:06:32] Importing Provider$Service.members.trap.gz (329 of 666)
[2022-03-23 15:06:32] Importing Provider.members.trap.gz (330 of 666)
[2022-03-23 15:06:32] Importing PublicKey.members.trap.gz (331 of 666)
[2022-03-23 15:06:32] Importing SignatureException.members.trap.gz (332 of 666)
[2022-03-23 15:06:32] Importing Timestamp.members.trap.gz (333 of 666)
[2022-03-23 15:06:32] Importing CertPath.members.trap.gz (334 of 666)
[2022-03-23 15:06:32] Importing Certificate.members.trap.gz (335 of 666)
[2022-03-23 15:06:32] Importing CertificateEncodingException.members.trap.gz (336 of 666)
[2022-03-23 15:06:32] Importing CertificateException.members.trap.gz (337 of 666)
[2022-03-23 15:06:32] Importing Array.members.trap.gz (338 of 666)
[2022-03-23 15:06:32] Importing Blob.members.trap.gz (339 of 666)
[2022-03-23 15:06:32] Importing CallableStatement.members.trap.gz (340 of 666)
[2022-03-23 15:06:32] Importing ClientInfoStatus.members.trap.gz (341 of 666)
[2022-03-23 15:06:32] Importing Clob.members.trap.gz (342 of 666)
[2022-03-23 15:06:32] Importing Connection.members.trap.gz (343 of 666)
[2022-03-23 15:06:32] Importing DatabaseMetaData.members.trap.gz (344 of 666)
[2022-03-23 15:06:32] Importing Date.members.trap.gz (345 of 666)
[2022-03-23 15:06:32] Importing Driver.members.trap.gz (346 of 666)
[2022-03-23 15:06:32] Importing DriverAction.members.trap.gz (347 of 666)
[2022-03-23 15:06:32] Importing DriverManager.members.trap.gz (348 of 666)
[2022-03-23 15:06:32] Importing DriverPropertyInfo.members.trap.gz (349 of 666)
[2022-03-23 15:06:32] Importing NClob.members.trap.gz (350 of 666)
[2022-03-23 15:06:32] Importing ParameterMetaData.members.trap.gz (351 of 666)
[2022-03-23 15:06:33] Importing PreparedStatement.members.trap.gz (352 of 666)
[2022-03-23 15:06:33] Importing Ref.members.trap.gz (353 of 666)
[2022-03-23 15:06:33] Importing ResultSet.members.trap.gz (354 of 666)
[2022-03-23 15:06:33] Importing ResultSetMetaData.members.trap.gz (355 of 666)
[2022-03-23 15:06:33] Importing RowId.members.trap.gz (356 of 666)
[2022-03-23 15:06:33] Importing RowIdLifetime.members.trap.gz (357 of 666)
[2022-03-23 15:06:33] Importing SQLClientInfoException.members.trap.gz (358 of 666)
[2022-03-23 15:06:33] Importing SQLException.members.trap.gz (359 of 666)
[2022-03-23 15:06:33] Importing SQLFeatureNotSupportedException.members.trap.gz (360 of 666)
[2022-03-23 15:06:33] Importing SQLNonTransientException.members.trap.gz (361 of 666)
[2022-03-23 15:06:33] Importing SQLPermission.members.trap.gz (362 of 666)
[2022-03-23 15:06:33] Importing SQLType.members.trap.gz (363 of 666)
[2022-03-23 15:06:33] Importing SQLWarning.members.trap.gz (364 of 666)
[2022-03-23 15:06:33] Importing SQLXML.members.trap.gz (365 of 666)
[2022-03-23 15:06:33] Importing Savepoint.members.trap.gz (366 of 666)
[2022-03-23 15:06:33] Importing ShardingKey.members.trap.gz (367 of 666)
[2022-03-23 15:06:33] Importing Statement.members.trap.gz (368 of 666)
[2022-03-23 15:06:33] Importing Struct.members.trap.gz (369 of 666)
[2022-03-23 15:06:33] Importing Time.members.trap.gz (370 of 666)
[2022-03-23 15:06:33] Importing Timestamp.members.trap.gz (371 of 666)
[2022-03-23 15:06:33] Importing Wrapper.members.trap.gz (372 of 666)
[2022-03-23 15:06:33] Importing AttributedCharacterIterator$Attribute.members.trap.gz (373 of 666)
[2022-03-23 15:06:33] Importing AttributedCharacterIterator.members.trap.gz (374 of 666)
[2022-03-23 15:06:33] Importing CharacterIterator.members.trap.gz (375 of 666)
[2022-03-23 15:06:33] Importing FieldPosition.members.trap.gz (376 of 666)
[2022-03-23 15:06:33] Importing Format$Field.members.trap.gz (377 of 666)
[2022-03-23 15:06:33] Importing Format$FieldDelegate.members.trap.gz (378 of 666)
[2022-03-23 15:06:33] Importing Format.members.trap.gz (379 of 666)
[2022-03-23 15:06:33] Importing ParseException.members.trap.gz (380 of 666)
[2022-03-23 15:06:33] Importing ParsePosition.members.trap.gz (381 of 666)
[2022-03-23 15:06:33] Importing Clock.members.trap.gz (382 of 666)
[2022-03-23 15:06:33] Importing DayOfWeek.members.trap.gz (383 of 666)
[2022-03-23 15:06:33] Importing Duration.members.trap.gz (384 of 666)
[2022-03-23 15:06:33] Importing Instant.members.trap.gz (385 of 666)
[2022-03-23 15:06:33] Importing LocalDate.members.trap.gz (386 of 666)
[2022-03-23 15:06:33] Importing LocalDateTime.members.trap.gz (387 of 666)
[2022-03-23 15:06:33] Importing LocalTime.members.trap.gz (388 of 666)
[2022-03-23 15:06:33] Importing Month.members.trap.gz (389 of 666)
[2022-03-23 15:06:33] Importing OffsetDateTime.members.trap.gz (390 of 666)
[2022-03-23 15:06:33] Importing OffsetTime.members.trap.gz (391 of 666)
[2022-03-23 15:06:33] Importing Period.members.trap.gz (392 of 666)
[2022-03-23 15:06:33] Importing ZoneId.members.trap.gz (393 of 666)
[2022-03-23 15:06:33] Importing ZoneOffset.members.trap.gz (394 of 666)
[2022-03-23 15:06:33] Importing ZonedDateTime.members.trap.gz (395 of 666)
[2022-03-23 15:06:33] Importing AbstractChronology.members.trap.gz (396 of 666)
[2022-03-23 15:06:33] Importing ChronoLocalDate.members.trap.gz (397 of 666)
[2022-03-23 15:06:33] Importing ChronoLocalDateTime.members.trap.gz (398 of 666)
[2022-03-23 15:06:33] Importing ChronoPeriod.members.trap.gz (399 of 666)
[2022-03-23 15:06:33] Importing ChronoZonedDateTime.members.trap.gz (400 of 666)
[2022-03-23 15:06:33] Importing Chronology.members.trap.gz (401 of 666)
[2022-03-23 15:06:33] Importing Era.members.trap.gz (402 of 666)
[2022-03-23 15:06:33] Importing IsoChronology.members.trap.gz (403 of 666)
[2022-03-23 15:06:33] Importing IsoEra.members.trap.gz (404 of 666)
[2022-03-23 15:06:33] Importing DateTimeFormatter.members.trap.gz (405 of 666)
[2022-03-23 15:06:33] Importing DateTimeFormatterBuilder$CompositePrinterParser.members.trap.gz (406 of 666)
[2022-03-23 15:06:33] Importing DateTimeFormatterBuilder$DateTimePrinterParser.members.trap.gz (407 of 666)
[2022-03-23 15:06:33] Importing DateTimeFormatterBuilder.members.trap.gz (408 of 666)
[2022-03-23 15:06:33] Importing DateTimeParseContext.members.trap.gz (409 of 666)
[2022-03-23 15:06:33] Importing DateTimePrintContext.members.trap.gz (410 of 666)
[2022-03-23 15:06:33] Importing DecimalStyle.members.trap.gz (411 of 666)
[2022-03-23 15:06:33] Importing FormatStyle.members.trap.gz (412 of 666)
[2022-03-23 15:06:33] Importing Parsed.members.trap.gz (413 of 666)
[2022-03-23 15:06:33] Importing ResolverStyle.members.trap.gz (414 of 666)
[2022-03-23 15:06:33] Importing SignStyle.members.trap.gz (415 of 666)
[2022-03-23 15:06:33] Importing TextStyle.members.trap.gz (416 of 666)
[2022-03-23 15:06:33] Importing ChronoField.members.trap.gz (417 of 666)
[2022-03-23 15:06:33] Importing ChronoUnit.members.trap.gz (418 of 666)
[2022-03-23 15:06:33] Importing Temporal.members.trap.gz (419 of 666)
[2022-03-23 15:06:33] Importing TemporalAccessor.members.trap.gz (420 of 666)
[2022-03-23 15:06:33] Importing TemporalAdjuster.members.trap.gz (421 of 666)
[2022-03-23 15:06:33] Importing TemporalAmount.members.trap.gz (422 of 666)
[2022-03-23 15:06:33] Importing TemporalField.members.trap.gz (423 of 666)
[2022-03-23 15:06:33] Importing TemporalQuery.members.trap.gz (424 of 666)
[2022-03-23 15:06:33] Importing TemporalUnit.members.trap.gz (425 of 666)
[2022-03-23 15:06:33] Importing ValueRange.members.trap.gz (426 of 666)
[2022-03-23 15:06:33] Importing ZoneOffsetTransition.members.trap.gz (427 of 666)
[2022-03-23 15:06:33] Importing ZoneOffsetTransitionRule$TimeDefinition.members.trap.gz (428 of 666)
[2022-03-23 15:06:33] Importing ZoneOffsetTransitionRule.members.trap.gz (429 of 666)
[2022-03-23 15:06:33] Importing ZoneRules.members.trap.gz (430 of 666)
[2022-03-23 15:06:33] Importing AbstractCollection.members.trap.gz (431 of 666)
[2022-03-23 15:06:33] Importing AbstractMap.members.trap.gz (432 of 666)
[2022-03-23 15:06:33] Importing AbstractSet.members.trap.gz (433 of 666)
[2022-03-23 15:06:33] Importing Calendar.members.trap.gz (434 of 666)
[2022-03-23 15:06:33] Importing Collection.members.trap.gz (435 of 666)
[2022-03-23 15:06:33] Importing Comparator.members.trap.gz (436 of 666)
[2022-03-23 15:06:33] Importing Date.members.trap.gz (437 of 666)
[2022-03-23 15:06:33] Importing Dictionary.members.trap.gz (438 of 666)
[2022-03-23 15:06:33] Importing DoubleSummaryStatistics.members.trap.gz (439 of 666)
[2022-03-23 15:06:33] Importing EnumSet.members.trap.gz (440 of 666)
[2022-03-23 15:06:33] Importing Enumeration.members.trap.gz (441 of 666)
[2022-03-23 15:06:33] Importing HashMap$Node.members.trap.gz (442 of 666)
[2022-03-23 15:06:33] Importing HashMap$TreeNode.members.trap.gz (443 of 666)
[2022-03-23 15:06:33] Importing HashMap.members.trap.gz (444 of 666)
[2022-03-23 15:06:33] Importing Hashtable.members.trap.gz (445 of 666)
[2022-03-23 15:06:33] Importing IntSummaryStatistics.members.trap.gz (446 of 666)
[2022-03-23 15:06:33] Importing InvalidPropertiesFormatException.members.trap.gz (447 of 666)
[2022-03-23 15:06:33] Importing Iterator.members.trap.gz (448 of 666)
[2022-03-23 15:06:33] Importing LinkedHashMap$Entry.members.trap.gz (449 of 666)
[2022-03-23 15:06:33] Importing LinkedHashMap.members.trap.gz (450 of 666)
[2022-03-23 15:06:33] Importing List.members.trap.gz (451 of 666)
[2022-03-23 15:06:33] Importing ListIterator.members.trap.gz (452 of 666)
[2022-03-23 15:06:33] Importing Locale$Category.members.trap.gz (453 of 666)
[2022-03-23 15:06:33] Importing Locale$FilteringMode.members.trap.gz (454 of 666)
[2022-03-23 15:06:33] Importing Locale$IsoCountryCode.members.trap.gz (455 of 666)
[2022-03-23 15:06:33] Importing Locale$LanguageRange.members.trap.gz (456 of 666)
[2022-03-23 15:06:33] Importing Locale.members.trap.gz (457 of 666)
[2022-03-23 15:06:33] Importing LongSummaryStatistics.members.trap.gz (458 of 666)
[2022-03-23 15:06:33] Importing Map$Entry.members.trap.gz (459 of 666)
[2022-03-23 15:06:33] Importing Map.members.trap.gz (460 of 666)
[2022-03-23 15:06:33] Importing MissingResourceException.members.trap.gz (461 of 666)
[2022-03-23 15:06:33] Importing NoSuchElementException.members.trap.gz (462 of 666)
[2022-03-23 15:06:33] Importing Optional.members.trap.gz (463 of 666)
[2022-03-23 15:06:33] Importing OptionalDouble.members.trap.gz (464 of 666)
[2022-03-23 15:06:33] Importing OptionalInt.members.trap.gz (465 of 666)
[2022-03-23 15:06:33] Importing OptionalLong.members.trap.gz (466 of 666)
[2022-03-23 15:06:33] Importing PrimitiveIterator$OfDouble.members.trap.gz (467 of 666)
[2022-03-23 15:06:33] Importing PrimitiveIterator$OfInt.members.trap.gz (468 of 666)
[2022-03-23 15:06:33] Importing PrimitiveIterator$OfLong.members.trap.gz (469 of 666)
[2022-03-23 15:06:33] Importing PrimitiveIterator.members.trap.gz (470 of 666)
[2022-03-23 15:06:33] Importing Properties.members.trap.gz (471 of 666)
[2022-03-23 15:06:33] Importing Random.members.trap.gz (472 of 666)
[2022-03-23 15:06:33] Importing ResourceBundle$Control.members.trap.gz (473 of 666)
[2022-03-23 15:06:33] Importing ResourceBundle.members.trap.gz (474 of 666)
[2022-03-23 15:06:33] Importing Scanner.members.trap.gz (475 of 666)
[2022-03-23 15:06:33] Importing Set.members.trap.gz (476 of 666)
[2022-03-23 15:06:33] Importing SortedMap.members.trap.gz (477 of 666)
[2022-03-23 15:06:33] Importing Spliterator$OfDouble.members.trap.gz (478 of 666)
[2022-03-23 15:06:33] Importing Spliterator$OfInt.members.trap.gz (479 of 666)
[2022-03-23 15:06:33] Importing Spliterator$OfLong.members.trap.gz (480 of 666)
[2022-03-23 15:06:33] Importing Spliterator$OfPrimitive.members.trap.gz (481 of 666)
[2022-03-23 15:06:33] Importing Spliterator.members.trap.gz (482 of 666)
[2022-03-23 15:06:33] Importing TimeZone.members.trap.gz (483 of 666)
[2022-03-23 15:06:33] Importing WeakHashMap$Entry.members.trap.gz (484 of 666)
[2022-03-23 15:06:33] Importing WeakHashMap.members.trap.gz (485 of 666)
[2022-03-23 15:06:33] Importing Callable.members.trap.gz (486 of 666)
[2022-03-23 15:06:33] Importing ConcurrentHashMap$CollectionView.members.trap.gz (487 of 666)
[2022-03-23 15:06:33] Importing ConcurrentHashMap$KeySetView.members.trap.gz (488 of 666)
[2022-03-23 15:06:33] Importing ConcurrentHashMap$Node.members.trap.gz (489 of 666)
[2022-03-23 15:06:33] Importing ConcurrentHashMap.members.trap.gz (490 of 666)
[2022-03-23 15:06:33] Importing ConcurrentMap.members.trap.gz (491 of 666)
[2022-03-23 15:06:33] Importing ExecutionException.members.trap.gz (492 of 666)
[2022-03-23 15:06:33] Importing Executor.members.trap.gz (493 of 666)
[2022-03-23 15:06:33] Importing ExecutorService.members.trap.gz (494 of 666)
[2022-03-23 15:06:33] Importing Future.members.trap.gz (495 of 666)
[2022-03-23 15:06:33] Importing ThreadFactory.members.trap.gz (496 of 666)
[2022-03-23 15:06:33] Importing TimeUnit.members.trap.gz (497 of 666)
[2022-03-23 15:06:33] Importing TimeoutException.members.trap.gz (498 of 666)
[2022-03-23 15:06:33] Importing BiConsumer.members.trap.gz (499 of 666)
[2022-03-23 15:06:33] Importing BiFunction.members.trap.gz (500 of 666)
[2022-03-23 15:06:33] Importing BinaryOperator.members.trap.gz (501 of 666)
[2022-03-23 15:06:33] Importing BooleanSupplier.members.trap.gz (502 of 666)
[2022-03-23 15:06:33] Importing Consumer.members.trap.gz (503 of 666)
[2022-03-23 15:06:33] Importing DoubleBinaryOperator.members.trap.gz (504 of 666)
[2022-03-23 15:06:33] Importing DoubleConsumer.members.trap.gz (505 of 666)
[2022-03-23 15:06:33] Importing DoubleFunction.members.trap.gz (506 of 666)
[2022-03-23 15:06:33] Importing DoublePredicate.members.trap.gz (507 of 666)
[2022-03-23 15:06:33] Importing DoubleSupplier.members.trap.gz (508 of 666)
[2022-03-23 15:06:33] Importing DoubleToIntFunction.members.trap.gz (509 of 666)
[2022-03-23 15:06:33] Importing DoubleToLongFunction.members.trap.gz (510 of 666)
[2022-03-23 15:06:33] Importing DoubleUnaryOperator.members.trap.gz (511 of 666)
[2022-03-23 15:06:33] Importing Function.members.trap.gz (512 of 666)
[2022-03-23 15:06:33] Importing IntBinaryOperator.members.trap.gz (513 of 666)
[2022-03-23 15:06:33] Importing IntConsumer.members.trap.gz (514 of 666)
[2022-03-23 15:06:33] Importing IntFunction.members.trap.gz (515 of 666)
[2022-03-23 15:06:33] Importing IntPredicate.members.trap.gz (516 of 666)
[2022-03-23 15:06:33] Importing IntSupplier.members.trap.gz (517 of 666)
[2022-03-23 15:06:33] Importing IntToDoubleFunction.members.trap.gz (518 of 666)
[2022-03-23 15:06:33] Importing IntToLongFunction.members.trap.gz (519 of 666)
[2022-03-23 15:06:33] Importing IntUnaryOperator.members.trap.gz (520 of 666)
[2022-03-23 15:06:33] Importing LongBinaryOperator.members.trap.gz (521 of 666)
[2022-03-23 15:06:33] Importing LongConsumer.members.trap.gz (522 of 666)
[2022-03-23 15:06:33] Importing LongFunction.members.trap.gz (523 of 666)
[2022-03-23 15:06:33] Importing LongPredicate.members.trap.gz (524 of 666)
[2022-03-23 15:06:33] Importing LongSupplier.members.trap.gz (525 of 666)
[2022-03-23 15:06:33] Importing LongToDoubleFunction.members.trap.gz (526 of 666)
[2022-03-23 15:06:33] Importing LongToIntFunction.members.trap.gz (527 of 666)
[2022-03-23 15:06:33] Importing LongUnaryOperator.members.trap.gz (528 of 666)
[2022-03-23 15:06:33] Importing ObjDoubleConsumer.members.trap.gz (529 of 666)
[2022-03-23 15:06:33] Importing ObjIntConsumer.members.trap.gz (530 of 666)
[2022-03-23 15:06:33] Importing ObjLongConsumer.members.trap.gz (531 of 666)
[2022-03-23 15:06:33] Importing Predicate.members.trap.gz (532 of 666)
[2022-03-23 15:06:33] Importing Supplier.members.trap.gz (533 of 666)
[2022-03-23 15:06:33] Importing ToDoubleBiFunction.members.trap.gz (534 of 666)
[2022-03-23 15:06:33] Importing ToDoubleFunction.members.trap.gz (535 of 666)
[2022-03-23 15:06:33] Importing ToIntBiFunction.members.trap.gz (536 of 666)
[2022-03-23 15:06:33] Importing ToIntFunction.members.trap.gz (537 of 666)
[2022-03-23 15:06:33] Importing ToLongBiFunction.members.trap.gz (538 of 666)
[2022-03-23 15:06:33] Importing ToLongFunction.members.trap.gz (539 of 666)
[2022-03-23 15:06:33] Importing UnaryOperator.members.trap.gz (540 of 666)
[2022-03-23 15:06:33] Importing ErrorManager.members.trap.gz (541 of 666)
[2022-03-23 15:06:33] Importing Filter.members.trap.gz (542 of 666)
[2022-03-23 15:06:33] Importing Formatter.members.trap.gz (543 of 666)
[2022-03-23 15:06:33] Importing Handler.members.trap.gz (544 of 666)
[2022-03-23 15:06:33] Importing Level.members.trap.gz (545 of 666)
[2022-03-23 15:06:33] Importing LogManager$LogNode.members.trap.gz (546 of 666)
[2022-03-23 15:06:33] Importing LogManager$LoggerContext.members.trap.gz (547 of 666)
[2022-03-23 15:06:33] Importing LogManager$LoggerWeakRef.members.trap.gz (548 of 666)
[2022-03-23 15:06:33] Importing LogManager.members.trap.gz (549 of 666)
[2022-03-23 15:06:33] Importing LogRecord.members.trap.gz (550 of 666)
[2022-03-23 15:06:33] Importing Logger.members.trap.gz (551 of 666)
[2022-03-23 15:06:33] Importing LoggingMXBean.members.trap.gz (552 of 666)
[2022-03-23 15:06:33] Importing IntHashSet.members.trap.gz (553 of 666)
[2022-03-23 15:06:33] Importing MatchResult.members.trap.gz (554 of 666)
[2022-03-23 15:06:33] Importing Matcher.members.trap.gz (555 of 666)
[2022-03-23 15:06:33] Importing Pattern$BmpCharPredicate.members.trap.gz (556 of 666)
[2022-03-23 15:06:33] Importing Pattern$CharPredicate.members.trap.gz (557 of 666)
[2022-03-23 15:06:33] Importing Pattern$GroupHead.members.trap.gz (558 of 666)
[2022-03-23 15:06:33] Importing Pattern$GroupTail.members.trap.gz (559 of 666)
[2022-03-23 15:06:33] Importing Pattern$Node.members.trap.gz (560 of 666)
[2022-03-23 15:06:33] Importing Pattern$TreeInfo.members.trap.gz (561 of 666)
[2022-03-23 15:06:33] Importing Pattern.members.trap.gz (562 of 666)
[2022-03-23 15:06:33] Importing BaseStream.members.trap.gz (563 of 666)
[2022-03-23 15:06:33] Importing Collector$Characteristics.members.trap.gz (564 of 666)
[2022-03-23 15:06:33] Importing Collector.members.trap.gz (565 of 666)
[2022-03-23 15:06:33] Importing DoubleStream$Builder.members.trap.gz (566 of 666)
[2022-03-23 15:06:33] Importing DoubleStream.members.trap.gz (567 of 666)
[2022-03-23 15:06:33] Importing IntStream$Builder.members.trap.gz (568 of 666)
[2022-03-23 15:06:33] Importing IntStream.members.trap.gz (569 of 666)
[2022-03-23 15:06:33] Importing LongStream$Builder.members.trap.gz (570 of 666)
[2022-03-23 15:06:33] Importing LongStream.members.trap.gz (571 of 666)
[2022-03-23 15:06:33] Importing Stream$Builder.members.trap.gz (572 of 666)
[2022-03-23 15:06:33] Importing Stream.members.trap.gz (573 of 666)
[2022-03-23 15:06:33] Importing Subject.members.trap.gz (574 of 666)
[2022-03-23 15:06:33] Importing Result.members.trap.gz (575 of 666)
[2022-03-23 15:06:33] Importing Source.members.trap.gz (576 of 666)
[2022-03-23 15:06:33] Importing HotSpotIntrinsicCandidate.members.trap.gz (577 of 666)
[2022-03-23 15:06:33] Importing Unsafe.members.trap.gz (578 of 666)
[2022-03-23 15:06:33] Importing ServicesCatalog$ServiceProvider.members.trap.gz (579 of 666)
[2022-03-23 15:06:33] Importing ServicesCatalog.members.trap.gz (580 of 666)
[2022-03-23 15:06:33] Importing CleanerImpl.members.trap.gz (581 of 666)
[2022-03-23 15:06:33] Importing PhantomCleanable.members.trap.gz (582 of 666)
[2022-03-23 15:06:33] Importing SoftCleanable.members.trap.gz (583 of 666)
[2022-03-23 15:06:33] Importing WeakCleanable.members.trap.gz (584 of 666)
[2022-03-23 15:06:33] Importing CallerSensitive.members.trap.gz (585 of 666)
[2022-03-23 15:06:33] Importing ConstantPool$Tag.members.trap.gz (586 of 666)
[2022-03-23 15:06:33] Importing ConstantPool.members.trap.gz (587 of 666)
[2022-03-23 15:06:33] Importing ConstructorAccessor.members.trap.gz (588 of 666)
[2022-03-23 15:06:33] Importing FieldAccessor.members.trap.gz (589 of 666)
[2022-03-23 15:06:33] Importing LangReflectAccess.members.trap.gz (590 of 666)
[2022-03-23 15:06:33] Importing MethodAccessor.members.trap.gz (591 of 666)
[2022-03-23 15:06:33] Importing ReflectionFactory.members.trap.gz (592 of 666)
[2022-03-23 15:06:33] Importing Contended.members.trap.gz (593 of 666)
[2022-03-23 15:06:33] Importing DontInline.members.trap.gz (594 of 666)
[2022-03-23 15:06:33] Importing ForceInline.members.trap.gz (595 of 666)
[2022-03-23 15:06:33] Importing Stable.members.trap.gz (596 of 666)
[2022-03-23 15:06:33] Importing API$Status.members.trap.gz (597 of 666)
[2022-03-23 15:06:33] Importing API.members.trap.gz (598 of 666)
[2022-03-23 15:06:33] Importing Assertions.members.trap.gz (599 of 666)
[2022-03-23 15:06:33] Importing Test.members.trap.gz (600 of 666)
[2022-03-23 15:06:33] Importing Executable.members.trap.gz (601 of 666)
[2022-03-23 15:06:33] Importing ThrowingSupplier.members.trap.gz (602 of 666)
[2022-03-23 15:06:33] Importing Testable.members.trap.gz (603 of 666)
[2022-03-23 15:06:33] Importing MultipleFailuresError.members.trap.gz (604 of 666)
[2022-03-23 15:06:33] Importing Empty.members.trap.gz (605 of 666)
[2022-03-23 15:06:33] Importing Wrapper.members.trap.gz (606 of 666)
[2022-03-23 15:06:33] Importing Interruptible.members.trap.gz (607 of 666)
[2022-03-23 15:06:33] Importing AnnotationType.members.trap.gz (608 of 666)
[2022-03-23 15:06:33] Importing GenericsFactory.members.trap.gz (609 of 666)
[2022-03-23 15:06:33] Importing AbstractRepository.members.trap.gz (610 of 666)
[2022-03-23 15:06:33] Importing ConstructorRepository.members.trap.gz (611 of 666)
[2022-03-23 15:06:33] Importing GenericDeclRepository.members.trap.gz (612 of 666)
[2022-03-23 15:06:33] Importing MethodRepository.members.trap.gz (613 of 666)
[2022-03-23 15:06:33] Importing ArrayTypeSignature.members.trap.gz (614 of 666)
[2022-03-23 15:06:33] Importing BaseType.members.trap.gz (615 of 666)
[2022-03-23 15:06:33] Importing BooleanSignature.members.trap.gz (616 of 666)
[2022-03-23 15:06:33] Importing BottomSignature.members.trap.gz (617 of 666)
[2022-03-23 15:06:33] Importing ByteSignature.members.trap.gz (618 of 666)
[2022-03-23 15:06:33] Importing CharSignature.members.trap.gz (619 of 666)
[2022-03-23 15:06:33] Importing ClassSignature.members.trap.gz (620 of 666)
[2022-03-23 15:06:33] Importing ClassTypeSignature.members.trap.gz (621 of 666)
[2022-03-23 15:06:33] Importing DoubleSignature.members.trap.gz (622 of 666)
[2022-03-23 15:06:33] Importing FieldTypeSignature.members.trap.gz (623 of 666)
[2022-03-23 15:06:33] Importing FloatSignature.members.trap.gz (624 of 666)
[2022-03-23 15:06:33] Importing FormalTypeParameter.members.trap.gz (625 of 666)
[2022-03-23 15:06:33] Importing IntSignature.members.trap.gz (626 of 666)
[2022-03-23 15:06:33] Importing LongSignature.members.trap.gz (627 of 666)
[2022-03-23 15:06:33] Importing MethodTypeSignature.members.trap.gz (628 of 666)
[2022-03-23 15:06:33] Importing ReturnType.members.trap.gz (629 of 666)
[2022-03-23 15:06:33] Importing ShortSignature.members.trap.gz (630 of 666)
[2022-03-23 15:06:33] Importing Signature.members.trap.gz (631 of 666)
[2022-03-23 15:06:33] Importing SimpleClassTypeSignature.members.trap.gz (632 of 666)
[2022-03-23 15:06:33] Importing Tree.members.trap.gz (633 of 666)
[2022-03-23 15:06:33] Importing TypeArgument.members.trap.gz (634 of 666)
[2022-03-23 15:06:33] Importing TypeSignature.members.trap.gz (635 of 666)
[2022-03-23 15:06:33] Importing TypeTree.members.trap.gz (636 of 666)
[2022-03-23 15:06:33] Importing TypeVariableSignature.members.trap.gz (637 of 666)
[2022-03-23 15:06:33] Importing VoidDescriptor.members.trap.gz (638 of 666)
[2022-03-23 15:06:33] Importing Wildcard.members.trap.gz (639 of 666)
[2022-03-23 15:06:33] Importing Reifier.members.trap.gz (640 of 666)
[2022-03-23 15:06:33] Importing TypeTreeVisitor.members.trap.gz (641 of 666)
[2022-03-23 15:06:33] Importing Visitor.members.trap.gz (642 of 666)
[2022-03-23 15:06:33] Importing Debug.members.trap.gz (643 of 666)
[2022-03-23 15:06:33] Importing BaseLocale.members.trap.gz (644 of 666)
[2022-03-23 15:06:33] Importing Extension.members.trap.gz (645 of 666)
[2022-03-23 15:06:33] Importing InternalLocaleBuilder$CaseInsensitiveChar.members.trap.gz (646 of 666)
[2022-03-23 15:06:33] Importing InternalLocaleBuilder$CaseInsensitiveString.members.trap.gz (647 of 666)
[2022-03-23 15:06:33] Importing InternalLocaleBuilder.members.trap.gz (648 of 666)
[2022-03-23 15:06:33] Importing LanguageTag.members.trap.gz (649 of 666)
[2022-03-23 15:06:33] Importing LocaleExtensions.members.trap.gz (650 of 666)
[2022-03-23 15:06:33] Importing LocaleSyntaxException.members.trap.gz (651 of 666)
[2022-03-23 15:06:33] Importing ParseStatus.members.trap.gz (652 of 666)
[2022-03-23 15:06:33] Importing App.members.trap.gz (653 of 666)
[2022-03-23 15:06:33] Importing AppTest.members.trap.gz (654 of 666)
[2022-03-23 15:06:33] Importing SQLiteConnectionManager.members.trap.gz (655 of 666)
[2022-03-23 15:06:33] Importing diagnostic-1.trap.gz (656 of 666)
[2022-03-23 15:06:33] Importing diagnostic.trap.gz (657 of 666)
[2022-03-23 15:06:33] Importing apiguardian-api-1.1.0.jar.trap.gz (658 of 666)
[2022-03-23 15:06:33] Importing junit-jupiter-api-5.7.2.jar.trap.gz (659 of 666)
[2022-03-23 15:06:33] Importing junit-platform-commons-1.7.2.jar.trap.gz (660 of 666)
[2022-03-23 15:06:33] Importing opentest4j-1.2.0.jar.trap.gz (661 of 666)
[2022-03-23 15:06:33] Importing java.base.trap.gz (662 of 666)
[2022-03-23 15:06:33] Importing java.logging.trap.gz (663 of 666)
[2022-03-23 15:06:33] Importing java.sql.trap.gz (664 of 666)
[2022-03-23 15:06:33] Importing java.xml.trap.gz (665 of 666)
[2022-03-23 15:06:33] Importing sourceLocationPrefix.trap.gz (666 of 666)
[2022-03-23 15:06:34] Merging 1 fragment for files.
[2022-03-23 15:06:34] Merging 1 fragment for folders.
[2022-03-23 15:06:34] Merging 1 fragment for containerparent.
[2022-03-23 15:06:34] Merging 1 fragment for locations_default.
[2022-03-23 15:06:34] Merging 1 fragment for hasLocation.
[2022-03-23 15:06:34] Merging 1 fragment for numlines.
[2022-03-23 15:06:34] Merging 1 fragment for packages.
[2022-03-23 15:06:34] Merging 1 fragment for cupackage.
[2022-03-23 15:06:34] Merging 1 fragment for imports.
[2022-03-23 15:06:34] Merging 1 fragment for hasJavadoc.
[2022-03-23 15:06:34] Merging 1 fragment for primitives.
[2022-03-23 15:06:34] Merging 1 fragment for stmts.
[2022-03-23 15:06:34] Merging 1 fragment for callableBinding.
[2022-03-23 15:06:34] Merging 1 fragment for arrays.
[2022-03-23 15:06:34] Merging 1 fragment for fields.
[2022-03-23 15:06:34] Merging 1 fragment for modifiers.
[2022-03-23 15:06:34] Merging 1 fragment for hasModifier.
[2022-03-23 15:06:34] Merging 1 fragment for methods.
[2022-03-23 15:06:34] Merging 1 fragment for extendsReftype.
[2022-03-23 15:06:34] Merging 1 fragment for implInterface.
[2022-03-23 15:06:34] Merging 1 fragment for exprs.
[2022-03-23 15:06:34] Merging 1 fragment for callableEnclosingExpr.
[2022-03-23 15:06:34] Merging 1 fragment for params.
[2022-03-23 15:06:34] Merging 1 fragment for paramName.
[2022-03-23 15:06:34] Merging 1 fragment for statementEnclosingExpr.
[2022-03-23 15:06:34] Merging 1 fragment for localvars.
[2022-03-23 15:06:34] Merging 1 fragment for namestrings.
[2022-03-23 15:06:34] Merging 1 fragment for variableBinding.
[2022-03-23 15:06:34] Merging 1 fragment for isParenthesized.
[2022-03-23 15:06:34] Merging 1 fragment for javadoc.
[2022-03-23 15:06:34] Merging 1 fragment for javadocTag.
[2022-03-23 15:06:34] Merging 1 fragment for javadocText.
[2022-03-23 15:06:34] Merging 1 fragment for isNormalComment.
[2022-03-23 15:06:34] Merging 1 fragment for isEolComment.
[2022-03-23 15:06:34] Merging 1 fragment for fielddecls.
[2022-03-23 15:06:34] Merging 1 fragment for fieldDeclaredIn.
[2022-03-23 15:06:34] Merging 1 fragment for constrs.
[2022-03-23 15:06:34] Merging 1 fragment for isDefConstr.
[2022-03-23 15:06:34] Merging 1 fragment for classes.
[2022-03-23 15:06:34] Merging 1 fragment for cumodule.
[2022-03-23 15:06:34] Merging 1 fragment for interfaces.
[2022-03-23 15:06:34] Merging 1 fragment for isRaw.
[2022-03-23 15:06:34] Merging 1 fragment for erasure.
[2022-03-23 15:06:34] Merging 1 fragment for typeArgs.
[2022-03-23 15:06:34] Merging 1 fragment for isParameterized.
[2022-03-23 15:06:34] Merging 1 fragment for exceptions.
[2022-03-23 15:06:34] Merging 1 fragment for isVarargsParam.
[2022-03-23 15:06:34] Merging 1 fragment for annotValue.
[2022-03-23 15:06:34] Merging 1 fragment for enclInReftype.
[2022-03-23 15:06:34] Merging 1 fragment for wildcards.
[2022-03-23 15:06:34] Merging 1 fragment for typeBounds.
[2022-03-23 15:06:34] Merging 1 fragment for typeVars.
[2022-03-23 15:06:34] Merging 1 fragment for isEnumType.
[2022-03-23 15:06:34] Merging 1 fragment for isEnumConst.
[2022-03-23 15:06:34] Merging 1 fragment for isAnnotType.
[2022-03-23 15:06:34] Merging 1 fragment for isAnnotElem.
[2022-03-23 15:06:34] Merging 1 fragment for compilations.
[2022-03-23 15:06:34] Merging 1 fragment for compilation_args.
[2022-03-23 15:06:34] Merging 1 fragment for diagnostic_for.
[2022-03-23 15:06:34] Merging 1 fragment for diagnostics.
[2022-03-23 15:06:34] Merging 1 fragment for compilation_time.
[2022-03-23 15:06:34] Merging 1 fragment for compilation_compiling_files.
[2022-03-23 15:06:34] Merging 1 fragment for compilation_finished.
[2022-03-23 15:06:34] Merging 1 fragment for jarManifestMain.
[2022-03-23 15:06:34] Merging 1 fragment for modules.
[2022-03-23 15:06:34] Merging 1 fragment for exports.
[2022-03-23 15:06:34] Merging 1 fragment for directives.
[2022-03-23 15:06:34] Merging 1 fragment for exportsTo.
[2022-03-23 15:06:34] Merging 1 fragment for uses.
[2022-03-23 15:06:34] Merging 1 fragment for provides.
[2022-03-23 15:06:34] Merging 1 fragment for providesWith.
[2022-03-23 15:06:34] Merging 1 fragment for requires.
[2022-03-23 15:06:34] Merging 1 fragment for isTransitive.
[2022-03-23 15:06:34] Merging 1 fragment for sourceLocationPrefix.
[2022-03-23 15:06:34] Saving string and id pools to disk.
[2022-03-23 15:06:34] Finished importing trap files.
[2022-03-23 15:06:34] Pausing evaluation to close the cache at sequence stamp o+3
[2022-03-23 15:06:34] The disk cache is freshly trimmed; leave it be.
[2022-03-23 15:06:34] Unpausing evaluation
[2022-03-23 15:06:34] Plumbing command codeql dataset import completed.
[2022-03-23 15:06:34] [PROGRESS] database finalize> TRAP import complete (3.7s).
[2022-03-23 15:06:34] Running plumbing command: codeql database cleanup --mode=normal -- C:\Users\MQ10001357\OneDrive - Macquarie University\Teaching\Comp3310\workshop06_db
[2022-03-23 15:06:34] [PROGRESS] database cleanup> Cleaning up existing TRAP files after import...
[2022-03-23 15:06:35] [PROGRESS] database cleanup> TRAP files cleaned up (1.2s).
[2022-03-23 15:06:35] [PROGRESS] database cleanup> Cleaning up scratch directory...
[2022-03-23 15:06:35] [PROGRESS] database cleanup> Scratch directory cleaned up (3ms).
[2022-03-23 15:06:35] Running plumbing command: codeql dataset cleanup --mode=normal -- C:\Users\MQ10001357\OneDrive - Macquarie University\Teaching\Comp3310\workshop06_db\db-java
[2022-03-23 15:06:35] [PROGRESS] dataset cleanup> Cleaning up dataset in C:\Users\MQ10001357\OneDrive - Macquarie University\Teaching\Comp3310\workshop06_db\db-java.
[2022-03-23 15:06:35] Trimming disk cache at C:\Users\MQ10001357\OneDrive - Macquarie University\Teaching\Comp3310\workshop06_db\db-java\default\cache in mode normal.
[2022-03-23 15:06:35] Sequence stamp origin is -6475743829773283257
[2022-03-23 15:06:35] Pausing evaluation to zealously trim disk at sequence stamp o+0
[2022-03-23 15:06:35] Unpausing evaluation
[2022-03-23 15:06:35] Trimming completed (4ms): Trimmed disposable data from cache.
[2022-03-23 15:06:35] Pausing evaluation to close the cache at sequence stamp o+1
[2022-03-23 15:06:35] The disk cache is freshly trimmed; leave it be.
[2022-03-23 15:06:35] Unpausing evaluation
[2022-03-23 15:06:35] [PROGRESS] dataset cleanup> Trimmed disposable data from cache.
[2022-03-23 15:06:35] [PROGRESS] dataset cleanup> Finalizing dataset in C:\Users\MQ10001357\OneDrive - Macquarie University\Teaching\Comp3310\workshop06_db\db-java
[2022-03-23 15:06:35] [DETAILS] dataset cleanup> Finished deleting ID pool from C:\Users\MQ10001357\OneDrive - Macquarie University\Teaching\Comp3310\workshop06_db\db-java (9ms).
[2022-03-23 15:06:35] Plumbing command codeql dataset cleanup completed.
[2022-03-23 15:06:35] Plumbing command codeql database cleanup completed with status 0.
[2022-03-23 15:06:35] Plumbing command codeql database finalize completed.
[2022-03-23 15:06:35] [PROGRESS] database create> Successfully created database at C:\Users\MQ10001357\OneDrive - Macquarie University\Teaching\Comp3310\workshop06_db.
[2022-03-23 15:06:35] Terminating normally.
