[2022-03-23 15:06:30] This is codeql database index-files --include-extension=.xml --size-limit 10m --language xml -- C:\Users\MQ10001357\OneDrive - Macquarie University\Teaching\Comp3310\workshop06_db
[2022-03-23 15:06:30] Log file was started late.
[2022-03-23 15:06:30] Using index-files script C:\Users\MQ10001357\codeqlwin64\codeql\xml\tools\index-files.cmd.
[2022-03-23 15:06:30] [PROGRESS] database index-files> Scanning for files in C:\Users\MQ10001357\OneDrive - Macquarie University\Teaching\Comp3310\workshop06_code...
[2022-03-23 15:06:30] Calling plumbing command: codeql resolve files --include-extension=.xml --size-limit=10m C:\Users\MQ10001357\OneDrive - Macquarie University\Teaching\Comp3310\workshop06_code --format=json
[2022-03-23 15:06:30] [PROGRESS] resolve files> Scanning C:\Users\MQ10001357\OneDrive - Macquarie University\Teaching\Comp3310\workshop06_code...
[2022-03-23 15:06:30] [PROGRESS] resolve files> Scanning C:\Users\MQ10001357\OneDrive - Macquarie University\Teaching\Comp3310\workshop06_code\.git...
[2022-03-23 15:06:30] [PROGRESS] resolve files> Scanning C:\Users\MQ10001357\OneDrive - Macquarie University\Teaching\Comp3310\workshop06_code\.git\hooks...
[2022-03-23 15:06:30] [PROGRESS] resolve files> Scanning C:\Users\MQ10001357\OneDrive - Macquarie University\Teaching\Comp3310\workshop06_code\.git\info...
[2022-03-23 15:06:30] [PROGRESS] resolve files> Scanning C:\Users\MQ10001357\OneDrive - Macquarie University\Teaching\Comp3310\workshop06_code\.git\logs...
[2022-03-23 15:06:30] [PROGRESS] resolve files> Scanning C:\Users\MQ10001357\OneDrive - Macquarie University\Teaching\Comp3310\workshop06_code\.git\logs\refs...
[2022-03-23 15:06:30] [PROGRESS] resolve files> Scanning C:\Users\MQ10001357\OneDrive - Macquarie University\Teaching\Comp3310\workshop06_code\.git\logs\refs\heads...
[2022-03-23 15:06:30] [PROGRESS] resolve files> Scanning C:\Users\MQ10001357\OneDrive - Macquarie University\Teaching\Comp3310\workshop06_code\.git\logs\refs\remotes...
[2022-03-23 15:06:30] [PROGRESS] resolve files> Scanning C:\Users\MQ10001357\OneDrive - Macquarie University\Teaching\Comp3310\workshop06_code\.git\logs\refs\remotes\origin...
[2022-03-23 15:06:30] [PROGRESS] resolve files> Scanning C:\Users\MQ10001357\OneDrive - Macquarie University\Teaching\Comp3310\workshop06_code\.git\objects...
[2022-03-23 15:06:30] [PROGRESS] resolve files> Scanning C:\Users\MQ10001357\OneDrive - Macquarie University\Teaching\Comp3310\workshop06_code\.git\objects\03...
[2022-03-23 15:06:30] [PROGRESS] resolve files> Scanning C:\Users\MQ10001357\OneDrive - Macquarie University\Teaching\Comp3310\workshop06_code\.git\objects\0d...
[2022-03-23 15:06:30] [PROGRESS] resolve files> Scanning C:\Users\MQ10001357\OneDrive - Macquarie University\Teaching\Comp3310\workshop06_code\.git\objects\0e...
[2022-03-23 15:06:30] [PROGRESS] resolve files> Scanning C:\Users\MQ10001357\OneDrive - Macquarie University\Teaching\Comp3310\workshop06_code\.git\objects\10...
[2022-03-23 15:06:30] [PROGRESS] resolve files> Scanning C:\Users\MQ10001357\OneDrive - Macquarie University\Teaching\Comp3310\workshop06_code\.git\objects\17...
[2022-03-23 15:06:30] [PROGRESS] resolve files> Scanning C:\Users\MQ10001357\OneDrive - Macquarie University\Teaching\Comp3310\workshop06_code\.git\objects\18...
[2022-03-23 15:06:30] [PROGRESS] resolve files> Scanning C:\Users\MQ10001357\OneDrive - Macquarie University\Teaching\Comp3310\workshop06_code\.git\objects\1b...
[2022-03-23 15:06:30] [PROGRESS] resolve files> Scanning C:\Users\MQ10001357\OneDrive - Macquarie University\Teaching\Comp3310\workshop06_code\.git\objects\1e...
[2022-03-23 15:06:30] [PROGRESS] resolve files> Scanning C:\Users\MQ10001357\OneDrive - Macquarie University\Teaching\Comp3310\workshop06_code\.git\objects\21...
[2022-03-23 15:06:30] [PROGRESS] resolve files> Scanning C:\Users\MQ10001357\OneDrive - Macquarie University\Teaching\Comp3310\workshop06_code\.git\objects\27...
[2022-03-23 15:06:30] [PROGRESS] resolve files> Scanning C:\Users\MQ10001357\OneDrive - Macquarie University\Teaching\Comp3310\workshop06_code\.git\objects\2b...
[2022-03-23 15:06:30] [PROGRESS] resolve files> Scanning C:\Users\MQ10001357\OneDrive - Macquarie University\Teaching\Comp3310\workshop06_code\.git\objects\2c...
[2022-03-23 15:06:30] [PROGRESS] resolve files> Scanning C:\Users\MQ10001357\OneDrive - Macquarie University\Teaching\Comp3310\workshop06_code\.git\objects\2e...
[2022-03-23 15:06:30] [PROGRESS] resolve files> Scanning C:\Users\MQ10001357\OneDrive - Macquarie University\Teaching\Comp3310\workshop06_code\.git\objects\36...
[2022-03-23 15:06:30] [PROGRESS] resolve files> Scanning C:\Users\MQ10001357\OneDrive - Macquarie University\Teaching\Comp3310\workshop06_code\.git\objects\3b...
[2022-03-23 15:06:30] [PROGRESS] resolve files> Scanning C:\Users\MQ10001357\OneDrive - Macquarie University\Teaching\Comp3310\workshop06_code\.git\objects\3d...
[2022-03-23 15:06:30] [PROGRESS] resolve files> Scanning C:\Users\MQ10001357\OneDrive - Macquarie University\Teaching\Comp3310\workshop06_code\.git\objects\3e...
[2022-03-23 15:06:30] [PROGRESS] resolve files> Scanning C:\Users\MQ10001357\OneDrive - Macquarie University\Teaching\Comp3310\workshop06_code\.git\objects\3f...
[2022-03-23 15:06:30] [PROGRESS] resolve files> Scanning C:\Users\MQ10001357\OneDrive - Macquarie University\Teaching\Comp3310\workshop06_code\.git\objects\45...
[2022-03-23 15:06:30] [PROGRESS] resolve files> Scanning C:\Users\MQ10001357\OneDrive - Macquarie University\Teaching\Comp3310\workshop06_code\.git\objects\46...
[2022-03-23 15:06:30] [PROGRESS] resolve files> Scanning C:\Users\MQ10001357\OneDrive - Macquarie University\Teaching\Comp3310\workshop06_code\.git\objects\4a...
[2022-03-23 15:06:30] [PROGRESS] resolve files> Scanning C:\Users\MQ10001357\OneDrive - Macquarie University\Teaching\Comp3310\workshop06_code\.git\objects\51...
[2022-03-23 15:06:30] [PROGRESS] resolve files> Scanning C:\Users\MQ10001357\OneDrive - Macquarie University\Teaching\Comp3310\workshop06_code\.git\objects\56...
[2022-03-23 15:06:30] [PROGRESS] resolve files> Scanning C:\Users\MQ10001357\OneDrive - Macquarie University\Teaching\Comp3310\workshop06_code\.git\objects\59...
[2022-03-23 15:06:30] [PROGRESS] resolve files> Scanning C:\Users\MQ10001357\OneDrive - Macquarie University\Teaching\Comp3310\workshop06_code\.git\objects\5a...
[2022-03-23 15:06:30] [PROGRESS] resolve files> Scanning C:\Users\MQ10001357\OneDrive - Macquarie University\Teaching\Comp3310\workshop06_code\.git\objects\62...
[2022-03-23 15:06:30] [PROGRESS] resolve files> Scanning C:\Users\MQ10001357\OneDrive - Macquarie University\Teaching\Comp3310\workshop06_code\.git\objects\64...
[2022-03-23 15:06:30] [PROGRESS] resolve files> Scanning C:\Users\MQ10001357\OneDrive - Macquarie University\Teaching\Comp3310\workshop06_code\.git\objects\67...
[2022-03-23 15:06:30] [PROGRESS] resolve files> Scanning C:\Users\MQ10001357\OneDrive - Macquarie University\Teaching\Comp3310\workshop06_code\.git\objects\6c...
[2022-03-23 15:06:30] [PROGRESS] resolve files> Scanning C:\Users\MQ10001357\OneDrive - Macquarie University\Teaching\Comp3310\workshop06_code\.git\objects\70...
[2022-03-23 15:06:30] [PROGRESS] resolve files> Scanning C:\Users\MQ10001357\OneDrive - Macquarie University\Teaching\Comp3310\workshop06_code\.git\objects\71...
[2022-03-23 15:06:30] [PROGRESS] resolve files> Scanning C:\Users\MQ10001357\OneDrive - Macquarie University\Teaching\Comp3310\workshop06_code\.git\objects\74...
[2022-03-23 15:06:30] [PROGRESS] resolve files> Scanning C:\Users\MQ10001357\OneDrive - Macquarie University\Teaching\Comp3310\workshop06_code\.git\objects\75...
[2022-03-23 15:06:30] [PROGRESS] resolve files> Scanning C:\Users\MQ10001357\OneDrive - Macquarie University\Teaching\Comp3310\workshop06_code\.git\objects\76...
[2022-03-23 15:06:30] [PROGRESS] resolve files> Scanning C:\Users\MQ10001357\OneDrive - Macquarie University\Teaching\Comp3310\workshop06_code\.git\objects\7b...
[2022-03-23 15:06:30] [PROGRESS] resolve files> Scanning C:\Users\MQ10001357\OneDrive - Macquarie University\Teaching\Comp3310\workshop06_code\.git\objects\7f...
[2022-03-23 15:06:30] [PROGRESS] resolve files> Scanning C:\Users\MQ10001357\OneDrive - Macquarie University\Teaching\Comp3310\workshop06_code\.git\objects\83...
[2022-03-23 15:06:30] [PROGRESS] resolve files> Scanning C:\Users\MQ10001357\OneDrive - Macquarie University\Teaching\Comp3310\workshop06_code\.git\objects\84...
[2022-03-23 15:06:30] [PROGRESS] resolve files> Scanning C:\Users\MQ10001357\OneDrive - Macquarie University\Teaching\Comp3310\workshop06_code\.git\objects\85...
[2022-03-23 15:06:30] [PROGRESS] resolve files> Scanning C:\Users\MQ10001357\OneDrive - Macquarie University\Teaching\Comp3310\workshop06_code\.git\objects\87...
[2022-03-23 15:06:30] [PROGRESS] resolve files> Scanning C:\Users\MQ10001357\OneDrive - Macquarie University\Teaching\Comp3310\workshop06_code\.git\objects\89...
[2022-03-23 15:06:30] [PROGRESS] resolve files> Scanning C:\Users\MQ10001357\OneDrive - Macquarie University\Teaching\Comp3310\workshop06_code\.git\objects\8f...
[2022-03-23 15:06:30] [PROGRESS] resolve files> Scanning C:\Users\MQ10001357\OneDrive - Macquarie University\Teaching\Comp3310\workshop06_code\.git\objects\90...
[2022-03-23 15:06:30] [PROGRESS] resolve files> Scanning C:\Users\MQ10001357\OneDrive - Macquarie University\Teaching\Comp3310\workshop06_code\.git\objects\91...
[2022-03-23 15:06:30] [PROGRESS] resolve files> Scanning C:\Users\MQ10001357\OneDrive - Macquarie University\Teaching\Comp3310\workshop06_code\.git\objects\9a...
[2022-03-23 15:06:30] [PROGRESS] resolve files> Scanning C:\Users\MQ10001357\OneDrive - Macquarie University\Teaching\Comp3310\workshop06_code\.git\objects\9c...
[2022-03-23 15:06:30] [PROGRESS] resolve files> Scanning C:\Users\MQ10001357\OneDrive - Macquarie University\Teaching\Comp3310\workshop06_code\.git\objects\a1...
[2022-03-23 15:06:30] [PROGRESS] resolve files> Scanning C:\Users\MQ10001357\OneDrive - Macquarie University\Teaching\Comp3310\workshop06_code\.git\objects\a4...
[2022-03-23 15:06:30] [PROGRESS] resolve files> Scanning C:\Users\MQ10001357\OneDrive - Macquarie University\Teaching\Comp3310\workshop06_code\.git\objects\a5...
[2022-03-23 15:06:30] [PROGRESS] resolve files> Scanning C:\Users\MQ10001357\OneDrive - Macquarie University\Teaching\Comp3310\workshop06_code\.git\objects\a6...
[2022-03-23 15:06:30] [PROGRESS] resolve files> Scanning C:\Users\MQ10001357\OneDrive - Macquarie University\Teaching\Comp3310\workshop06_code\.git\objects\a7...
[2022-03-23 15:06:30] [PROGRESS] resolve files> Scanning C:\Users\MQ10001357\OneDrive - Macquarie University\Teaching\Comp3310\workshop06_code\.git\objects\a8...
[2022-03-23 15:06:30] [PROGRESS] resolve files> Scanning C:\Users\MQ10001357\OneDrive - Macquarie University\Teaching\Comp3310\workshop06_code\.git\objects\a9...
[2022-03-23 15:06:30] [PROGRESS] resolve files> Scanning C:\Users\MQ10001357\OneDrive - Macquarie University\Teaching\Comp3310\workshop06_code\.git\objects\aa...
[2022-03-23 15:06:30] [PROGRESS] resolve files> Scanning C:\Users\MQ10001357\OneDrive - Macquarie University\Teaching\Comp3310\workshop06_code\.git\objects\b0...
[2022-03-23 15:06:30] [PROGRESS] resolve files> Scanning C:\Users\MQ10001357\OneDrive - Macquarie University\Teaching\Comp3310\workshop06_code\.git\objects\b4...
[2022-03-23 15:06:30] [PROGRESS] resolve files> Scanning C:\Users\MQ10001357\OneDrive - Macquarie University\Teaching\Comp3310\workshop06_code\.git\objects\b6...
[2022-03-23 15:06:30] [PROGRESS] resolve files> Scanning C:\Users\MQ10001357\OneDrive - Macquarie University\Teaching\Comp3310\workshop06_code\.git\objects\b7...
[2022-03-23 15:06:30] [PROGRESS] resolve files> Scanning C:\Users\MQ10001357\OneDrive - Macquarie University\Teaching\Comp3310\workshop06_code\.git\objects\b9...
[2022-03-23 15:06:30] [PROGRESS] resolve files> Scanning C:\Users\MQ10001357\OneDrive - Macquarie University\Teaching\Comp3310\workshop06_code\.git\objects\ba...
[2022-03-23 15:06:30] [PROGRESS] resolve files> Scanning C:\Users\MQ10001357\OneDrive - Macquarie University\Teaching\Comp3310\workshop06_code\.git\objects\bc...
[2022-03-23 15:06:30] [PROGRESS] resolve files> Scanning C:\Users\MQ10001357\OneDrive - Macquarie University\Teaching\Comp3310\workshop06_code\.git\objects\bd...
[2022-03-23 15:06:30] [PROGRESS] resolve files> Scanning C:\Users\MQ10001357\OneDrive - Macquarie University\Teaching\Comp3310\workshop06_code\.git\objects\c4...
[2022-03-23 15:06:30] [PROGRESS] resolve files> Scanning C:\Users\MQ10001357\OneDrive - Macquarie University\Teaching\Comp3310\workshop06_code\.git\objects\c5...
[2022-03-23 15:06:30] [PROGRESS] resolve files> Scanning C:\Users\MQ10001357\OneDrive - Macquarie University\Teaching\Comp3310\workshop06_code\.git\objects\c7...
[2022-03-23 15:06:30] [PROGRESS] resolve files> Scanning C:\Users\MQ10001357\OneDrive - Macquarie University\Teaching\Comp3310\workshop06_code\.git\objects\cb...
[2022-03-23 15:06:30] [PROGRESS] resolve files> Scanning C:\Users\MQ10001357\OneDrive - Macquarie University\Teaching\Comp3310\workshop06_code\.git\objects\ce...
[2022-03-23 15:06:30] [PROGRESS] resolve files> Scanning C:\Users\MQ10001357\OneDrive - Macquarie University\Teaching\Comp3310\workshop06_code\.git\objects\d0...
[2022-03-23 15:06:30] [PROGRESS] resolve files> Scanning C:\Users\MQ10001357\OneDrive - Macquarie University\Teaching\Comp3310\workshop06_code\.git\objects\d8...
[2022-03-23 15:06:30] [PROGRESS] resolve files> Scanning C:\Users\MQ10001357\OneDrive - Macquarie University\Teaching\Comp3310\workshop06_code\.git\objects\da...
[2022-03-23 15:06:30] [PROGRESS] resolve files> Scanning C:\Users\MQ10001357\OneDrive - Macquarie University\Teaching\Comp3310\workshop06_code\.git\objects\dd...
[2022-03-23 15:06:30] [PROGRESS] resolve files> Scanning C:\Users\MQ10001357\OneDrive - Macquarie University\Teaching\Comp3310\workshop06_code\.git\objects\de...
[2022-03-23 15:06:30] [PROGRESS] resolve files> Scanning C:\Users\MQ10001357\OneDrive - Macquarie University\Teaching\Comp3310\workshop06_code\.git\objects\df...
[2022-03-23 15:06:30] [PROGRESS] resolve files> Scanning C:\Users\MQ10001357\OneDrive - Macquarie University\Teaching\Comp3310\workshop06_code\.git\objects\e0...
[2022-03-23 15:06:30] [PROGRESS] resolve files> Scanning C:\Users\MQ10001357\OneDrive - Macquarie University\Teaching\Comp3310\workshop06_code\.git\objects\e2...
[2022-03-23 15:06:30] [PROGRESS] resolve files> Scanning C:\Users\MQ10001357\OneDrive - Macquarie University\Teaching\Comp3310\workshop06_code\.git\objects\e5...
[2022-03-23 15:06:30] [PROGRESS] resolve files> Scanning C:\Users\MQ10001357\OneDrive - Macquarie University\Teaching\Comp3310\workshop06_code\.git\objects\e6...
[2022-03-23 15:06:30] [PROGRESS] resolve files> Scanning C:\Users\MQ10001357\OneDrive - Macquarie University\Teaching\Comp3310\workshop06_code\.git\objects\ee...
[2022-03-23 15:06:30] [PROGRESS] resolve files> Scanning C:\Users\MQ10001357\OneDrive - Macquarie University\Teaching\Comp3310\workshop06_code\.git\objects\f7...
[2022-03-23 15:06:30] [PROGRESS] resolve files> Scanning C:\Users\MQ10001357\OneDrive - Macquarie University\Teaching\Comp3310\workshop06_code\.git\objects\f9...
[2022-03-23 15:06:30] [PROGRESS] resolve files> Scanning C:\Users\MQ10001357\OneDrive - Macquarie University\Teaching\Comp3310\workshop06_code\.git\objects\fa...
[2022-03-23 15:06:30] [PROGRESS] resolve files> Scanning C:\Users\MQ10001357\OneDrive - Macquarie University\Teaching\Comp3310\workshop06_code\.git\objects\fb...
[2022-03-23 15:06:30] [PROGRESS] resolve files> Scanning C:\Users\MQ10001357\OneDrive - Macquarie University\Teaching\Comp3310\workshop06_code\.git\objects\fc...
[2022-03-23 15:06:30] [PROGRESS] resolve files> Scanning C:\Users\MQ10001357\OneDrive - Macquarie University\Teaching\Comp3310\workshop06_code\.git\objects\fd...
[2022-03-23 15:06:30] [PROGRESS] resolve files> Scanning C:\Users\MQ10001357\OneDrive - Macquarie University\Teaching\Comp3310\workshop06_code\.git\objects\info...
[2022-03-23 15:06:30] [PROGRESS] resolve files> Scanning C:\Users\MQ10001357\OneDrive - Macquarie University\Teaching\Comp3310\workshop06_code\.git\objects\pack...
[2022-03-23 15:06:30] [PROGRESS] resolve files> Scanning C:\Users\MQ10001357\OneDrive - Macquarie University\Teaching\Comp3310\workshop06_code\.git\refs...
[2022-03-23 15:06:30] [PROGRESS] resolve files> Scanning C:\Users\MQ10001357\OneDrive - Macquarie University\Teaching\Comp3310\workshop06_code\.git\refs\heads...
[2022-03-23 15:06:30] [PROGRESS] resolve files> Scanning C:\Users\MQ10001357\OneDrive - Macquarie University\Teaching\Comp3310\workshop06_code\.git\refs\remotes...
[2022-03-23 15:06:30] [PROGRESS] resolve files> Scanning C:\Users\MQ10001357\OneDrive - Macquarie University\Teaching\Comp3310\workshop06_code\.git\refs\remotes\origin...
[2022-03-23 15:06:30] [PROGRESS] resolve files> Scanning C:\Users\MQ10001357\OneDrive - Macquarie University\Teaching\Comp3310\workshop06_code\.git\refs\tags...
[2022-03-23 15:06:30] [PROGRESS] resolve files> Scanning C:\Users\MQ10001357\OneDrive - Macquarie University\Teaching\Comp3310\workshop06_code\.gradle...
[2022-03-23 15:06:30] [PROGRESS] resolve files> Scanning C:\Users\MQ10001357\OneDrive - Macquarie University\Teaching\Comp3310\workshop06_code\.gradle\7.3.3...
[2022-03-23 15:06:30] [PROGRESS] resolve files> Scanning C:\Users\MQ10001357\OneDrive - Macquarie University\Teaching\Comp3310\workshop06_code\.gradle\7.3.3\checksums...
[2022-03-23 15:06:30] [PROGRESS] resolve files> Scanning C:\Users\MQ10001357\OneDrive - Macquarie University\Teaching\Comp3310\workshop06_code\.gradle\7.3.3\dependencies-accessors...
[2022-03-23 15:06:30] [PROGRESS] resolve files> Scanning C:\Users\MQ10001357\OneDrive - Macquarie University\Teaching\Comp3310\workshop06_code\.gradle\7.3.3\executionHistory...
[2022-03-23 15:06:30] [PROGRESS] resolve files> Scanning C:\Users\MQ10001357\OneDrive - Macquarie University\Teaching\Comp3310\workshop06_code\.gradle\7.3.3\fileChanges...
[2022-03-23 15:06:30] [PROGRESS] resolve files> Scanning C:\Users\MQ10001357\OneDrive - Macquarie University\Teaching\Comp3310\workshop06_code\.gradle\7.3.3\fileHashes...
[2022-03-23 15:06:30] [PROGRESS] resolve files> Scanning C:\Users\MQ10001357\OneDrive - Macquarie University\Teaching\Comp3310\workshop06_code\.gradle\7.3.3\vcsMetadata...
[2022-03-23 15:06:30] [PROGRESS] resolve files> Scanning C:\Users\MQ10001357\OneDrive - Macquarie University\Teaching\Comp3310\workshop06_code\.gradle\buildOutputCleanup...
[2022-03-23 15:06:30] [PROGRESS] resolve files> Scanning C:\Users\MQ10001357\OneDrive - Macquarie University\Teaching\Comp3310\workshop06_code\.gradle\vcs-1...
[2022-03-23 15:06:30] [PROGRESS] resolve files> Scanning C:\Users\MQ10001357\OneDrive - Macquarie University\Teaching\Comp3310\workshop06_code\.vscode...
[2022-03-23 15:06:30] [PROGRESS] resolve files> Scanning C:\Users\MQ10001357\OneDrive - Macquarie University\Teaching\Comp3310\workshop06_code\app...
[2022-03-23 15:06:30] [PROGRESS] resolve files> Scanning C:\Users\MQ10001357\OneDrive - Macquarie University\Teaching\Comp3310\workshop06_code\app\bin...
[2022-03-23 15:06:30] [PROGRESS] resolve files> Scanning C:\Users\MQ10001357\OneDrive - Macquarie University\Teaching\Comp3310\workshop06_code\app\bin\main...
[2022-03-23 15:06:30] [PROGRESS] resolve files> Scanning C:\Users\MQ10001357\OneDrive - Macquarie University\Teaching\Comp3310\workshop06_code\app\bin\main\workshop06_code...
[2022-03-23 15:06:30] [PROGRESS] resolve files> Scanning C:\Users\MQ10001357\OneDrive - Macquarie University\Teaching\Comp3310\workshop06_code\app\bin\test...
[2022-03-23 15:06:30] [PROGRESS] resolve files> Scanning C:\Users\MQ10001357\OneDrive - Macquarie University\Teaching\Comp3310\workshop06_code\app\bin\test\workshop06_code...
[2022-03-23 15:06:30] [PROGRESS] resolve files> Scanning C:\Users\MQ10001357\OneDrive - Macquarie University\Teaching\Comp3310\workshop06_code\app\build...
[2022-03-23 15:06:30] [PROGRESS] resolve files> Scanning C:\Users\MQ10001357\OneDrive - Macquarie University\Teaching\Comp3310\workshop06_code\app\build\classes...
[2022-03-23 15:06:30] [PROGRESS] resolve files> Scanning C:\Users\MQ10001357\OneDrive - Macquarie University\Teaching\Comp3310\workshop06_code\app\build\classes\java...
[2022-03-23 15:06:30] [PROGRESS] resolve files> Scanning C:\Users\MQ10001357\OneDrive - Macquarie University\Teaching\Comp3310\workshop06_code\app\build\classes\java\main...
[2022-03-23 15:06:30] [PROGRESS] resolve files> Scanning C:\Users\MQ10001357\OneDrive - Macquarie University\Teaching\Comp3310\workshop06_code\app\build\classes\java\main\workshop06_code...
[2022-03-23 15:06:30] [PROGRESS] resolve files> Scanning C:\Users\MQ10001357\OneDrive - Macquarie University\Teaching\Comp3310\workshop06_code\app\build\classes\java\test...
[2022-03-23 15:06:30] [PROGRESS] resolve files> Scanning C:\Users\MQ10001357\OneDrive - Macquarie University\Teaching\Comp3310\workshop06_code\app\build\classes\java\test\workshop06_code...
[2022-03-23 15:06:30] [PROGRESS] resolve files> Scanning C:\Users\MQ10001357\OneDrive - Macquarie University\Teaching\Comp3310\workshop06_code\app\build\generated...
[2022-03-23 15:06:30] [PROGRESS] resolve files> Scanning C:\Users\MQ10001357\OneDrive - Macquarie University\Teaching\Comp3310\workshop06_code\app\build\generated\sources...
[2022-03-23 15:06:30] [PROGRESS] resolve files> Scanning C:\Users\MQ10001357\OneDrive - Macquarie University\Teaching\Comp3310\workshop06_code\app\build\generated\sources\annotationProcessor...
[2022-03-23 15:06:30] [PROGRESS] resolve files> Scanning C:\Users\MQ10001357\OneDrive - Macquarie University\Teaching\Comp3310\workshop06_code\app\build\generated\sources\annotationProcessor\java...
[2022-03-23 15:06:30] [PROGRESS] resolve files> Scanning C:\Users\MQ10001357\OneDrive - Macquarie University\Teaching\Comp3310\workshop06_code\app\build\generated\sources\annotationProcessor\java\main...
[2022-03-23 15:06:30] [PROGRESS] resolve files> Scanning C:\Users\MQ10001357\OneDrive - Macquarie University\Teaching\Comp3310\workshop06_code\app\build\generated\sources\annotationProcessor\java\test...
[2022-03-23 15:06:30] [PROGRESS] resolve files> Scanning C:\Users\MQ10001357\OneDrive - Macquarie University\Teaching\Comp3310\workshop06_code\app\build\generated\sources\headers...
[2022-03-23 15:06:30] [PROGRESS] resolve files> Scanning C:\Users\MQ10001357\OneDrive - Macquarie University\Teaching\Comp3310\workshop06_code\app\build\generated\sources\headers\java...
[2022-03-23 15:06:30] [PROGRESS] resolve files> Scanning C:\Users\MQ10001357\OneDrive - Macquarie University\Teaching\Comp3310\workshop06_code\app\build\generated\sources\headers\java\main...
[2022-03-23 15:06:30] [PROGRESS] resolve files> Scanning C:\Users\MQ10001357\OneDrive - Macquarie University\Teaching\Comp3310\workshop06_code\app\build\generated\sources\headers\java\test...
[2022-03-23 15:06:30] [PROGRESS] resolve files> Scanning C:\Users\MQ10001357\OneDrive - Macquarie University\Teaching\Comp3310\workshop06_code\app\build\tmp...
[2022-03-23 15:06:30] [PROGRESS] resolve files> Scanning C:\Users\MQ10001357\OneDrive - Macquarie University\Teaching\Comp3310\workshop06_code\app\build\tmp\compileJava...
[2022-03-23 15:06:30] [PROGRESS] resolve files> Scanning C:\Users\MQ10001357\OneDrive - Macquarie University\Teaching\Comp3310\workshop06_code\app\build\tmp\compileTestJava...
[2022-03-23 15:06:30] [PROGRESS] resolve files> Scanning C:\Users\MQ10001357\OneDrive - Macquarie University\Teaching\Comp3310\workshop06_code\app\resources...
[2022-03-23 15:06:30] [PROGRESS] resolve files> Scanning C:\Users\MQ10001357\OneDrive - Macquarie University\Teaching\Comp3310\workshop06_code\app\sqlite...
[2022-03-23 15:06:30] [PROGRESS] resolve files> Scanning C:\Users\MQ10001357\OneDrive - Macquarie University\Teaching\Comp3310\workshop06_code\app\src...
[2022-03-23 15:06:30] [PROGRESS] resolve files> Scanning C:\Users\MQ10001357\OneDrive - Macquarie University\Teaching\Comp3310\workshop06_code\app\src\main...
[2022-03-23 15:06:30] [PROGRESS] resolve files> Scanning C:\Users\MQ10001357\OneDrive - Macquarie University\Teaching\Comp3310\workshop06_code\app\src\main\java...
[2022-03-23 15:06:30] [PROGRESS] resolve files> Scanning C:\Users\MQ10001357\OneDrive - Macquarie University\Teaching\Comp3310\workshop06_code\app\src\main\java\workshop06_code...
[2022-03-23 15:06:30] [PROGRESS] resolve files> Scanning C:\Users\MQ10001357\OneDrive - Macquarie University\Teaching\Comp3310\workshop06_code\app\src\main\sqlite...
[2022-03-23 15:06:30] [PROGRESS] resolve files> Scanning C:\Users\MQ10001357\OneDrive - Macquarie University\Teaching\Comp3310\workshop06_code\app\src\test...
[2022-03-23 15:06:30] [PROGRESS] resolve files> Scanning C:\Users\MQ10001357\OneDrive - Macquarie University\Teaching\Comp3310\workshop06_code\app\src\test\java...
[2022-03-23 15:06:30] [PROGRESS] resolve files> Scanning C:\Users\MQ10001357\OneDrive - Macquarie University\Teaching\Comp3310\workshop06_code\app\src\test\java\workshop06_code...
[2022-03-23 15:06:30] [PROGRESS] resolve files> Scanning C:\Users\MQ10001357\OneDrive - Macquarie University\Teaching\Comp3310\workshop06_code\app\src\test\resources...
[2022-03-23 15:06:30] [PROGRESS] resolve files> Scanning C:\Users\MQ10001357\OneDrive - Macquarie University\Teaching\Comp3310\workshop06_code\gradle...
[2022-03-23 15:06:30] [PROGRESS] resolve files> Scanning C:\Users\MQ10001357\OneDrive - Macquarie University\Teaching\Comp3310\workshop06_code\gradle\wrapper...
[2022-03-23 15:06:30] [PROGRESS] resolve files> Scanning C:\Users\MQ10001357\OneDrive - Macquarie University\Teaching\Comp3310\workshop06_code\resources...
[2022-03-23 15:06:30] [PROGRESS] resolve files> Scanning C:\Users\MQ10001357\OneDrive - Macquarie University\Teaching\Comp3310\workshop06_code\sqlite...
[2022-03-23 15:06:30] Plumbing command codeql resolve files completed:
                      [ ]
[2022-03-23 15:06:30] [DETAILS] database index-files> Found 0 files.
[2022-03-23 15:06:30] Terminating normally.
